<?xml version="1.0" encoding="UTF-8"?>
<!-- Generated by org.testng.reporters.JUnitReportReporter -->
<testsuite skipped="0" hostname="M5-D-J0RYXC2" name="com.herokuapp.theinternet.login.tests.NegativeLoginTests" tests="6" failures="0" timestamp="17 Apr 2019 11:15:56 GMT" time="175.148" errors="0">
  <testcase name="negativeLoginTestInvalidUsrName" time="26.416" classname="com.herokuapp.theinternet.login.tests.NegativeLoginTests"/>
  <testcase name="negativeLoginTestInvalidUsrName" time="30.157" classname="com.herokuapp.theinternet.login.tests.NegativeLoginTests"/>
  <testcase name="negativeLoginTestInvalidUsrName" time="36.800" classname="com.herokuapp.theinternet.login.tests.NegativeLoginTests"/>
  <testcase name="negativeLoginTestInvalidPwd" time="20.518" classname="com.herokuapp.theinternet.login.tests.NegativeLoginTests"/>
  <testcase name="negativeLoginTestInvalidPwd" time="31.958" classname="com.herokuapp.theinternet.login.tests.NegativeLoginTests"/>
  <testcase name="negativeLoginTestInvalidPwd" time="29.299" classname="com.herokuapp.theinternet.login.tests.NegativeLoginTests"/>
</testsuite> <!-- com.herokuapp.theinternet.login.tests.NegativeLoginTests -->
