<?xml version="1.0" encoding="UTF-8"?>
<!-- Generated by org.testng.reporters.JUnitReportReporter -->
<testsuite skipped="0" hostname="M5-D-J0RYXC2" name="com.herokuapp.theinternet.forgotpassword.tests.ForgotPasswordTests" tests="3" failures="0" timestamp="17 Apr 2019 11:15:56 GMT" time="92.932" errors="0">
  <testcase name="forgotPwdTest" time="32.193" classname="com.herokuapp.theinternet.forgotpassword.tests.ForgotPasswordTests"/>
  <testcase name="forgotPwdTest" time="41.366" classname="com.herokuapp.theinternet.forgotpassword.tests.ForgotPasswordTests"/>
  <testcase name="forgotPwdTest" time="19.373" classname="com.herokuapp.theinternet.forgotpassword.tests.ForgotPasswordTests"/>
</testsuite> <!-- com.herokuapp.theinternet.forgotpassword.tests.ForgotPasswordTests -->
