<?xml version="1.0" encoding="UTF-8"?>
<!-- Generated by org.testng.reporters.JUnitReportReporter -->
<testsuite skipped="0" hostname="M5-D-J0RYXC2" name="com.herokuapp.theinternet.login.tests.PositiveLoginTests" tests="3" failures="0" timestamp="17 Apr 2019 11:15:56 GMT" time="80.923" errors="0">
  <testcase name="positiveLoginTest" time="26.067" classname="com.herokuapp.theinternet.login.tests.PositiveLoginTests"/>
  <testcase name="positiveLoginTest" time="30.497" classname="com.herokuapp.theinternet.login.tests.PositiveLoginTests"/>
  <testcase name="positiveLoginTest" time="24.359" classname="com.herokuapp.theinternet.login.tests.PositiveLoginTests"/>
</testsuite> <!-- com.herokuapp.theinternet.login.tests.PositiveLoginTests -->
