<?xml version="1.0" encoding="UTF-8"?>
<!-- Generated by org.testng.reporters.JUnitReportReporter -->
<testsuite skipped="0" hostname="M5-D-J0RYXC2" name="com.herokuapp.theinternet.login.tests.PositiveLoginTests" tests="3" failures="0" timestamp="17 Apr 2019 07:54:24 GMT" time="102.531" errors="0">
  <testcase name="positiveLoginTest" time="32.074" classname="com.herokuapp.theinternet.login.tests.PositiveLoginTests"/>
  <testcase name="positiveLoginTest" time="33.975" classname="com.herokuapp.theinternet.login.tests.PositiveLoginTests"/>
  <testcase name="positiveLoginTest" time="36.482" classname="com.herokuapp.theinternet.login.tests.PositiveLoginTests"/>
</testsuite> <!-- com.herokuapp.theinternet.login.tests.PositiveLoginTests -->
