<?xml version="1.0" encoding="UTF-8"?>
<!-- Generated by org.testng.reporters.JUnitReportReporter -->
<testsuite skipped="0" hostname="M5-D-J0RYXC2" name="com.herokuapp.theinternet.login.tests.NegativeLoginTests" tests="6" failures="0" timestamp="17 Apr 2019 07:54:24 GMT" time="182.954" errors="0">
  <testcase name="negativeLoginTestInvalidUsrName" time="33.360" classname="com.herokuapp.theinternet.login.tests.NegativeLoginTests"/>
  <testcase name="negativeLoginTestInvalidUsrName" time="39.129" classname="com.herokuapp.theinternet.login.tests.NegativeLoginTests"/>
  <testcase name="negativeLoginTestInvalidUsrName" time="23.926" classname="com.herokuapp.theinternet.login.tests.NegativeLoginTests"/>
  <testcase name="negativeLoginTestInvalidPwd" time="29.426" classname="com.herokuapp.theinternet.login.tests.NegativeLoginTests"/>
  <testcase name="negativeLoginTestInvalidPwd" time="33.259" classname="com.herokuapp.theinternet.login.tests.NegativeLoginTests"/>
  <testcase name="negativeLoginTestInvalidPwd" time="23.854" classname="com.herokuapp.theinternet.login.tests.NegativeLoginTests"/>
</testsuite> <!-- com.herokuapp.theinternet.login.tests.NegativeLoginTests -->
