<?xml version="1.0" encoding="UTF-8"?>
<testng-results skipped="0" failed="0" ignored="0" total="300" passed="300">
  <reporter-output>
  </reporter-output>
  <suite name="Default suite" duration-ms="1754613" started-at="2019-11-28T11:20:35 IST" finished-at="2019-11-28T11:49:50 IST">
    <groups>
    </groups>
    <test name="Default test" duration-ms="1754613" started-at="2019-11-28T11:20:35 IST" finished-at="2019-11-28T11:49:50 IST">
      <class name="Final.ApkExtract">
        <test-method status="PASS" signature="CApkExtraction(java.lang.String)[pri:0, instance:Final.ApkExtract@6c49835d]" name="CApkExtraction" duration-ms="4076" started-at="2019-11-28T11:20:37 IST" data-provider="SearchProvider" finished-at="2019-11-28T11:20:41 IST">
          <params>
            <param index="0">
              <value>
                <![CDATA[com.gmh.impossible.tracks.crazy.car.parking.games]]>
              </value>
            </param>
          </params>
          <reporter-output>
          </reporter-output>
        </test-method> <!-- CApkExtraction -->
        <test-method status="PASS" signature="CApkExtraction(java.lang.String)[pri:0, instance:Final.ApkExtract@6c49835d]" name="CApkExtraction" duration-ms="3885" started-at="2019-11-28T11:20:41 IST" data-provider="SearchProvider" finished-at="2019-11-28T11:20:45 IST">
          <params>
            <param index="0">
              <value>
                <![CDATA[com.mbmc.fiinfo]]>
              </value>
            </param>
          </params>
          <reporter-output>
          </reporter-output>
        </test-method> <!-- CApkExtraction -->
        <test-method status="PASS" signature="CApkExtraction(java.lang.String)[pri:0, instance:Final.ApkExtract@6c49835d]" name="CApkExtraction" duration-ms="3791" started-at="2019-11-28T11:20:45 IST" data-provider="SearchProvider" finished-at="2019-11-28T11:20:49 IST">
          <params>
            <param index="0">
              <value>
                <![CDATA[com.tickboard]]>
              </value>
            </param>
          </params>
          <reporter-output>
          </reporter-output>
        </test-method> <!-- CApkExtraction -->
        <test-method status="PASS" signature="CApkExtraction(java.lang.String)[pri:0, instance:Final.ApkExtract@6c49835d]" name="CApkExtraction" duration-ms="6998" started-at="2019-11-28T11:20:49 IST" data-provider="SearchProvider" finished-at="2019-11-28T11:20:56 IST">
          <params>
            <param index="0">
              <value>
                <![CDATA[net.bloomz]]>
              </value>
            </param>
          </params>
          <reporter-output>
          </reporter-output>
        </test-method> <!-- CApkExtraction -->
        <test-method status="PASS" signature="CApkExtraction(java.lang.String)[pri:0, instance:Final.ApkExtract@6c49835d]" name="CApkExtraction" duration-ms="6777" started-at="2019-11-28T11:20:56 IST" data-provider="SearchProvider" finished-at="2019-11-28T11:21:03 IST">
          <params>
            <param index="0">
              <value>
                <![CDATA[in.pnplabs.babyonboard]]>
              </value>
            </param>
          </params>
          <reporter-output>
          </reporter-output>
        </test-method> <!-- CApkExtraction -->
        <test-method status="PASS" signature="CApkExtraction(java.lang.String)[pri:0, instance:Final.ApkExtract@6c49835d]" name="CApkExtraction" duration-ms="6965" started-at="2019-11-28T11:21:03 IST" data-provider="SearchProvider" finished-at="2019-11-28T11:21:10 IST">
          <params>
            <param index="0">
              <value>
                <![CDATA[org.brandroid.openmanager]]>
              </value>
            </param>
          </params>
          <reporter-output>
          </reporter-output>
        </test-method> <!-- CApkExtraction -->
        <test-method status="PASS" signature="CApkExtraction(java.lang.String)[pri:0, instance:Final.ApkExtract@6c49835d]" name="CApkExtraction" duration-ms="6636" started-at="2019-11-28T11:21:10 IST" data-provider="SearchProvider" finished-at="2019-11-28T11:21:16 IST">
          <params>
            <param index="0">
              <value>
                <![CDATA[com.appxstudio.smokearteffect]]>
              </value>
            </param>
          </params>
          <reporter-output>
          </reporter-output>
        </test-method> <!-- CApkExtraction -->
        <test-method status="PASS" signature="CApkExtraction(java.lang.String)[pri:0, instance:Final.ApkExtract@6c49835d]" name="CApkExtraction" duration-ms="6822" started-at="2019-11-28T11:21:16 IST" data-provider="SearchProvider" finished-at="2019-11-28T11:21:23 IST">
          <params>
            <param index="0">
              <value>
                <![CDATA[live.brainbattle]]>
              </value>
            </param>
          </params>
          <reporter-output>
          </reporter-output>
        </test-method> <!-- CApkExtraction -->
        <test-method status="PASS" signature="CApkExtraction(java.lang.String)[pri:0, instance:Final.ApkExtract@6c49835d]" name="CApkExtraction" duration-ms="6708" started-at="2019-11-28T11:21:23 IST" data-provider="SearchProvider" finished-at="2019-11-28T11:21:30 IST">
          <params>
            <param index="0">
              <value>
                <![CDATA[it.megasoft78.trispad.android]]>
              </value>
            </param>
          </params>
          <reporter-output>
          </reporter-output>
        </test-method> <!-- CApkExtraction -->
        <test-method status="PASS" signature="CApkExtraction(java.lang.String)[pri:0, instance:Final.ApkExtract@6c49835d]" name="CApkExtraction" duration-ms="3600" started-at="2019-11-28T11:21:30 IST" data-provider="SearchProvider" finished-at="2019-11-28T11:21:33 IST">
          <params>
            <param index="0">
              <value>
                <![CDATA[com.manor.currentwidget]]>
              </value>
            </param>
          </params>
          <reporter-output>
          </reporter-output>
        </test-method> <!-- CApkExtraction -->
        <test-method status="PASS" signature="CApkExtraction(java.lang.String)[pri:0, instance:Final.ApkExtract@6c49835d]" name="CApkExtraction" duration-ms="6649" started-at="2019-11-28T11:21:33 IST" data-provider="SearchProvider" finished-at="2019-11-28T11:21:40 IST">
          <params>
            <param index="0">
              <value>
                <![CDATA[com.kasuroid.floodextreme]]>
              </value>
            </param>
          </params>
          <reporter-output>
          </reporter-output>
        </test-method> <!-- CApkExtraction -->
        <test-method status="PASS" signature="CApkExtraction(java.lang.String)[pri:0, instance:Final.ApkExtract@6c49835d]" name="CApkExtraction" duration-ms="6664" started-at="2019-11-28T11:21:40 IST" data-provider="SearchProvider" finished-at="2019-11-28T11:21:47 IST">
          <params>
            <param index="0">
              <value>
                <![CDATA[info.oettv.xttv.mobile]]>
              </value>
            </param>
          </params>
          <reporter-output>
          </reporter-output>
        </test-method> <!-- CApkExtraction -->
        <test-method status="PASS" signature="CApkExtraction(java.lang.String)[pri:0, instance:Final.ApkExtract@6c49835d]" name="CApkExtraction" duration-ms="6690" started-at="2019-11-28T11:21:47 IST" data-provider="SearchProvider" finished-at="2019-11-28T11:21:53 IST">
          <params>
            <param index="0">
              <value>
                <![CDATA[pl.muse.blocks.castle]]>
              </value>
            </param>
          </params>
          <reporter-output>
          </reporter-output>
        </test-method> <!-- CApkExtraction -->
        <test-method status="PASS" signature="CApkExtraction(java.lang.String)[pri:0, instance:Final.ApkExtract@6c49835d]" name="CApkExtraction" duration-ms="6670" started-at="2019-11-28T11:21:53 IST" data-provider="SearchProvider" finished-at="2019-11-28T11:22:00 IST">
          <params>
            <param index="0">
              <value>
                <![CDATA[org.mmin.handycalc]]>
              </value>
            </param>
          </params>
          <reporter-output>
          </reporter-output>
        </test-method> <!-- CApkExtraction -->
        <test-method status="PASS" signature="CApkExtraction(java.lang.String)[pri:0, instance:Final.ApkExtract@6c49835d]" name="CApkExtraction" duration-ms="6873" started-at="2019-11-28T11:22:00 IST" data-provider="SearchProvider" finished-at="2019-11-28T11:22:07 IST">
          <params>
            <param index="0">
              <value>
                <![CDATA[de.saschawillems.glescapsviewer]]>
              </value>
            </param>
          </params>
          <reporter-output>
          </reporter-output>
        </test-method> <!-- CApkExtraction -->
        <test-method status="PASS" signature="CApkExtraction(java.lang.String)[pri:0, instance:Final.ApkExtract@6c49835d]" name="CApkExtraction" duration-ms="6733" started-at="2019-11-28T11:22:07 IST" data-provider="SearchProvider" finished-at="2019-11-28T11:22:14 IST">
          <params>
            <param index="0">
              <value>
                <![CDATA[com.scottyab.safetynet.sample]]>
              </value>
            </param>
          </params>
          <reporter-output>
          </reporter-output>
        </test-method> <!-- CApkExtraction -->
        <test-method status="PASS" signature="CApkExtraction(java.lang.String)[pri:0, instance:Final.ApkExtract@6c49835d]" name="CApkExtraction" duration-ms="6658" started-at="2019-11-28T11:22:14 IST" data-provider="SearchProvider" finished-at="2019-11-28T11:22:20 IST">
          <params>
            <param index="0">
              <value>
                <![CDATA[cc.leet.player]]>
              </value>
            </param>
          </params>
          <reporter-output>
          </reporter-output>
        </test-method> <!-- CApkExtraction -->
        <test-method status="PASS" signature="CApkExtraction(java.lang.String)[pri:0, instance:Final.ApkExtract@6c49835d]" name="CApkExtraction" duration-ms="3555" started-at="2019-11-28T11:22:20 IST" data-provider="SearchProvider" finished-at="2019-11-28T11:22:24 IST">
          <params>
            <param index="0">
              <value>
                <![CDATA[com.astropampa.efemeridesastropampa]]>
              </value>
            </param>
          </params>
          <reporter-output>
          </reporter-output>
        </test-method> <!-- CApkExtraction -->
        <test-method status="PASS" signature="CApkExtraction(java.lang.String)[pri:0, instance:Final.ApkExtract@6c49835d]" name="CApkExtraction" duration-ms="3533" started-at="2019-11-28T11:22:24 IST" data-provider="SearchProvider" finished-at="2019-11-28T11:22:27 IST">
          <params>
            <param index="0">
              <value>
                <![CDATA[eu.chainfire.flash]]>
              </value>
            </param>
          </params>
          <reporter-output>
          </reporter-output>
        </test-method> <!-- CApkExtraction -->
        <test-method status="PASS" signature="CApkExtraction(java.lang.String)[pri:0, instance:Final.ApkExtract@6c49835d]" name="CApkExtraction" duration-ms="6702" started-at="2019-11-28T11:22:27 IST" data-provider="SearchProvider" finished-at="2019-11-28T11:22:34 IST">
          <params>
            <param index="0">
              <value>
                <![CDATA[com.ynxsoft.opdsbrowser]]>
              </value>
            </param>
          </params>
          <reporter-output>
          </reporter-output>
        </test-method> <!-- CApkExtraction -->
        <test-method status="PASS" signature="CApkExtraction(java.lang.String)[pri:0, instance:Final.ApkExtract@6c49835d]" name="CApkExtraction" duration-ms="6605" started-at="2019-11-28T11:22:34 IST" data-provider="SearchProvider" finished-at="2019-11-28T11:22:41 IST">
          <params>
            <param index="0">
              <value>
                <![CDATA[com.sparrow.animatedbiologyc12s03ch01p02]]>
              </value>
            </param>
          </params>
          <reporter-output>
          </reporter-output>
        </test-method> <!-- CApkExtraction -->
        <test-method status="PASS" signature="CApkExtraction(java.lang.String)[pri:0, instance:Final.ApkExtract@6c49835d]" name="CApkExtraction" duration-ms="3679" started-at="2019-11-28T11:22:41 IST" data-provider="SearchProvider" finished-at="2019-11-28T11:22:44 IST">
          <params>
            <param index="0">
              <value>
                <![CDATA[com.jb.gokeyboard.theme.lunathemes.reggaeneon]]>
              </value>
            </param>
          </params>
          <reporter-output>
          </reporter-output>
        </test-method> <!-- CApkExtraction -->
        <test-method status="PASS" signature="CApkExtraction(java.lang.String)[pri:0, instance:Final.ApkExtract@6c49835d]" name="CApkExtraction" duration-ms="3847" started-at="2019-11-28T11:22:44 IST" data-provider="SearchProvider" finished-at="2019-11-28T11:22:48 IST">
          <params>
            <param index="0">
              <value>
                <![CDATA[com.jb.gokeyboard.theme.lunathemes.delicate]]>
              </value>
            </param>
          </params>
          <reporter-output>
          </reporter-output>
        </test-method> <!-- CApkExtraction -->
        <test-method status="PASS" signature="CApkExtraction(java.lang.String)[pri:0, instance:Final.ApkExtract@6c49835d]" name="CApkExtraction" duration-ms="3816" started-at="2019-11-28T11:22:48 IST" data-provider="SearchProvider" finished-at="2019-11-28T11:22:52 IST">
          <params>
            <param index="0">
              <value>
                <![CDATA[com.jb.gokeyboard.theme.lunathemes.baseball]]>
              </value>
            </param>
          </params>
          <reporter-output>
          </reporter-output>
        </test-method> <!-- CApkExtraction -->
        <test-method status="PASS" signature="CApkExtraction(java.lang.String)[pri:0, instance:Final.ApkExtract@6c49835d]" name="CApkExtraction" duration-ms="3753" started-at="2019-11-28T11:22:52 IST" data-provider="SearchProvider" finished-at="2019-11-28T11:22:56 IST">
          <params>
            <param index="0">
              <value>
                <![CDATA[cc.mannam.audio4bible.matthew]]>
              </value>
            </param>
          </params>
          <reporter-output>
          </reporter-output>
        </test-method> <!-- CApkExtraction -->
        <test-method status="PASS" signature="CApkExtraction(java.lang.String)[pri:0, instance:Final.ApkExtract@6c49835d]" name="CApkExtraction" duration-ms="3745" started-at="2019-11-28T11:22:56 IST" data-provider="SearchProvider" finished-at="2019-11-28T11:23:00 IST">
          <params>
            <param index="0">
              <value>
                <![CDATA[org.purepush.abcforkids]]>
              </value>
            </param>
          </params>
          <reporter-output>
          </reporter-output>
        </test-method> <!-- CApkExtraction -->
        <test-method status="PASS" signature="CApkExtraction(java.lang.String)[pri:0, instance:Final.ApkExtract@6c49835d]" name="CApkExtraction" duration-ms="3830" started-at="2019-11-28T11:23:00 IST" data-provider="SearchProvider" finished-at="2019-11-28T11:23:03 IST">
          <params>
            <param index="0">
              <value>
                <![CDATA[com.kwabula.kdungeon.android]]>
              </value>
            </param>
          </params>
          <reporter-output>
          </reporter-output>
        </test-method> <!-- CApkExtraction -->
        <test-method status="PASS" signature="CApkExtraction(java.lang.String)[pri:0, instance:Final.ApkExtract@6c49835d]" name="CApkExtraction" duration-ms="4047" started-at="2019-11-28T11:23:03 IST" data-provider="SearchProvider" finished-at="2019-11-28T11:23:07 IST">
          <params>
            <param index="0">
              <value>
                <![CDATA[com.jb.gokeyboard.theme.lunathemes.bluefrance]]>
              </value>
            </param>
          </params>
          <reporter-output>
          </reporter-output>
        </test-method> <!-- CApkExtraction -->
        <test-method status="PASS" signature="CApkExtraction(java.lang.String)[pri:0, instance:Final.ApkExtract@6c49835d]" name="CApkExtraction" duration-ms="6879" started-at="2019-11-28T11:23:07 IST" data-provider="SearchProvider" finished-at="2019-11-28T11:23:14 IST">
          <params>
            <param index="0">
              <value>
                <![CDATA[com.kauf.unblockmysquirrel]]>
              </value>
            </param>
          </params>
          <reporter-output>
          </reporter-output>
        </test-method> <!-- CApkExtraction -->
        <test-method status="PASS" signature="CApkExtraction(java.lang.String)[pri:0, instance:Final.ApkExtract@6c49835d]" name="CApkExtraction" duration-ms="4190" started-at="2019-11-28T11:23:14 IST" data-provider="SearchProvider" finished-at="2019-11-28T11:23:19 IST">
          <params>
            <param index="0">
              <value>
                <![CDATA[com.jb.gokeyboard.theme.lunathemes.redblack]]>
              </value>
            </param>
          </params>
          <reporter-output>
          </reporter-output>
        </test-method> <!-- CApkExtraction -->
        <test-method status="PASS" signature="CApkExtraction(java.lang.String)[pri:0, instance:Final.ApkExtract@6c49835d]" name="CApkExtraction" duration-ms="7520" started-at="2019-11-28T11:23:19 IST" data-provider="SearchProvider" finished-at="2019-11-28T11:23:26 IST">
          <params>
            <param index="0">
              <value>
                <![CDATA[cc.mannam.audio4bible.luke]]>
              </value>
            </param>
          </params>
          <reporter-output>
          </reporter-output>
        </test-method> <!-- CApkExtraction -->
        <test-method status="PASS" signature="CApkExtraction(java.lang.String)[pri:0, instance:Final.ApkExtract@6c49835d]" name="CApkExtraction" duration-ms="4248" started-at="2019-11-28T11:23:26 IST" data-provider="SearchProvider" finished-at="2019-11-28T11:23:30 IST">
          <params>
            <param index="0">
              <value>
                <![CDATA[com.awesomeapps.throwthegrenade]]>
              </value>
            </param>
          </params>
          <reporter-output>
          </reporter-output>
        </test-method> <!-- CApkExtraction -->
        <test-method status="PASS" signature="CApkExtraction(java.lang.String)[pri:0, instance:Final.ApkExtract@6c49835d]" name="CApkExtraction" duration-ms="7073" started-at="2019-11-28T11:23:30 IST" data-provider="SearchProvider" finished-at="2019-11-28T11:23:37 IST">
          <params>
            <param index="0">
              <value>
                <![CDATA[cc.mannam.audio4bible.john.kjv]]>
              </value>
            </param>
          </params>
          <reporter-output>
          </reporter-output>
        </test-method> <!-- CApkExtraction -->
        <test-method status="PASS" signature="CApkExtraction(java.lang.String)[pri:0, instance:Final.ApkExtract@6c49835d]" name="CApkExtraction" duration-ms="6895" started-at="2019-11-28T11:23:37 IST" data-provider="SearchProvider" finished-at="2019-11-28T11:23:44 IST">
          <params>
            <param index="0">
              <value>
                <![CDATA[cc.mannam.audio4bible.matthew.kjv]]>
              </value>
            </param>
          </params>
          <reporter-output>
          </reporter-output>
        </test-method> <!-- CApkExtraction -->
        <test-method status="PASS" signature="CApkExtraction(java.lang.String)[pri:0, instance:Final.ApkExtract@6c49835d]" name="CApkExtraction" duration-ms="6960" started-at="2019-11-28T11:23:44 IST" data-provider="SearchProvider" finished-at="2019-11-28T11:23:51 IST">
          <params>
            <param index="0">
              <value>
                <![CDATA[cc.mannam.audio4bible.mark]]>
              </value>
            </param>
          </params>
          <reporter-output>
          </reporter-output>
        </test-method> <!-- CApkExtraction -->
        <test-method status="PASS" signature="CApkExtraction(java.lang.String)[pri:0, instance:Final.ApkExtract@6c49835d]" name="CApkExtraction" duration-ms="6878" started-at="2019-11-28T11:23:51 IST" data-provider="SearchProvider" finished-at="2019-11-28T11:23:58 IST">
          <params>
            <param index="0">
              <value>
                <![CDATA[com.arcadeperfect.kof98]]>
              </value>
            </param>
          </params>
          <reporter-output>
          </reporter-output>
        </test-method> <!-- CApkExtraction -->
        <test-method status="PASS" signature="CApkExtraction(java.lang.String)[pri:0, instance:Final.ApkExtract@6c49835d]" name="CApkExtraction" duration-ms="6736" started-at="2019-11-28T11:23:58 IST" data-provider="SearchProvider" finished-at="2019-11-28T11:24:05 IST">
          <params>
            <param index="0">
              <value>
                <![CDATA[tr.gov.sgk.gss]]>
              </value>
            </param>
          </params>
          <reporter-output>
          </reporter-output>
        </test-method> <!-- CApkExtraction -->
        <test-method status="PASS" signature="CApkExtraction(java.lang.String)[pri:0, instance:Final.ApkExtract@6c49835d]" name="CApkExtraction" duration-ms="6727" started-at="2019-11-28T11:24:05 IST" data-provider="SearchProvider" finished-at="2019-11-28T11:24:12 IST">
          <params>
            <param index="0">
              <value>
                <![CDATA[onscreen.draw]]>
              </value>
            </param>
          </params>
          <reporter-output>
          </reporter-output>
        </test-method> <!-- CApkExtraction -->
        <test-method status="PASS" signature="CApkExtraction(java.lang.String)[pri:0, instance:Final.ApkExtract@6c49835d]" name="CApkExtraction" duration-ms="6616" started-at="2019-11-28T11:24:12 IST" data-provider="SearchProvider" finished-at="2019-11-28T11:24:18 IST">
          <params>
            <param index="0">
              <value>
                <![CDATA[com.meb.e_okul]]>
              </value>
            </param>
          </params>
          <reporter-output>
          </reporter-output>
        </test-method> <!-- CApkExtraction -->
        <test-method status="PASS" signature="CApkExtraction(java.lang.String)[pri:0, instance:Final.ApkExtract@6c49835d]" name="CApkExtraction" duration-ms="3585" started-at="2019-11-28T11:24:18 IST" data-provider="SearchProvider" finished-at="2019-11-28T11:24:22 IST">
          <params>
            <param index="0">
              <value>
                <![CDATA[com.wordpress.arogyavidya.mooligaimarmam]]>
              </value>
            </param>
          </params>
          <reporter-output>
          </reporter-output>
        </test-method> <!-- CApkExtraction -->
        <test-method status="PASS" signature="CApkExtraction(java.lang.String)[pri:0, instance:Final.ApkExtract@6c49835d]" name="CApkExtraction" duration-ms="6771" started-at="2019-11-28T11:24:22 IST" data-provider="SearchProvider" finished-at="2019-11-28T11:24:29 IST">
          <params>
            <param index="0">
              <value>
                <![CDATA[com.sixdeight.companions]]>
              </value>
            </param>
          </params>
          <reporter-output>
          </reporter-output>
        </test-method> <!-- CApkExtraction -->
        <test-method status="PASS" signature="CApkExtraction(java.lang.String)[pri:0, instance:Final.ApkExtract@6c49835d]" name="CApkExtraction" duration-ms="7079" started-at="2019-11-28T11:24:29 IST" data-provider="SearchProvider" finished-at="2019-11-28T11:24:36 IST">
          <params>
            <param index="0">
              <value>
                <![CDATA[com.meb.vbsmobil]]>
              </value>
            </param>
          </params>
          <reporter-output>
          </reporter-output>
        </test-method> <!-- CApkExtraction -->
        <test-method status="PASS" signature="CApkExtraction(java.lang.String)[pri:0, instance:Final.ApkExtract@6c49835d]" name="CApkExtraction" duration-ms="6718" started-at="2019-11-28T11:24:36 IST" data-provider="SearchProvider" finished-at="2019-11-28T11:24:42 IST">
          <params>
            <param index="0">
              <value>
                <![CDATA[fr.arreterdefumer.android]]>
              </value>
            </param>
          </params>
          <reporter-output>
          </reporter-output>
        </test-method> <!-- CApkExtraction -->
        <test-method status="PASS" signature="CApkExtraction(java.lang.String)[pri:0, instance:Final.ApkExtract@6c49835d]" name="CApkExtraction" duration-ms="6704" started-at="2019-11-28T11:24:42 IST" data-provider="SearchProvider" finished-at="2019-11-28T11:24:49 IST">
          <params>
            <param index="0">
              <value>
                <![CDATA[com.rhappsody.lucasmemorygame]]>
              </value>
            </param>
          </params>
          <reporter-output>
          </reporter-output>
        </test-method> <!-- CApkExtraction -->
        <test-method status="PASS" signature="CApkExtraction(java.lang.String)[pri:0, instance:Final.ApkExtract@6c49835d]" name="CApkExtraction" duration-ms="6637" started-at="2019-11-28T11:24:49 IST" data-provider="SearchProvider" finished-at="2019-11-28T11:24:56 IST">
          <params>
            <param index="0">
              <value>
                <![CDATA[com.magicsolver.advent2011]]>
              </value>
            </param>
          </params>
          <reporter-output>
          </reporter-output>
        </test-method> <!-- CApkExtraction -->
        <test-method status="PASS" signature="CApkExtraction(java.lang.String)[pri:0, instance:Final.ApkExtract@6c49835d]" name="CApkExtraction" duration-ms="6621" started-at="2019-11-28T11:24:56 IST" data-provider="SearchProvider" finished-at="2019-11-28T11:25:02 IST">
          <params>
            <param index="0">
              <value>
                <![CDATA[com.awesomeapps.neonspaceexplorer]]>
              </value>
            </param>
          </params>
          <reporter-output>
          </reporter-output>
        </test-method> <!-- CApkExtraction -->
        <test-method status="PASS" signature="CApkExtraction(java.lang.String)[pri:0, instance:Final.ApkExtract@6c49835d]" name="CApkExtraction" duration-ms="3580" started-at="2019-11-28T11:25:02 IST" data-provider="SearchProvider" finished-at="2019-11-28T11:25:06 IST">
          <params>
            <param index="0">
              <value>
                <![CDATA[flashlight.n]]>
              </value>
            </param>
          </params>
          <reporter-output>
          </reporter-output>
        </test-method> <!-- CApkExtraction -->
        <test-method status="PASS" signature="CApkExtraction(java.lang.String)[pri:0, instance:Final.ApkExtract@6c49835d]" name="CApkExtraction" duration-ms="6808" started-at="2019-11-28T11:25:06 IST" data-provider="SearchProvider" finished-at="2019-11-28T11:25:13 IST">
          <params>
            <param index="0">
              <value>
                <![CDATA[com.jjplaycardgames.big2]]>
              </value>
            </param>
          </params>
          <reporter-output>
          </reporter-output>
        </test-method> <!-- CApkExtraction -->
        <test-method status="PASS" signature="CApkExtraction(java.lang.String)[pri:0, instance:Final.ApkExtract@6c49835d]" name="CApkExtraction" duration-ms="6714" started-at="2019-11-28T11:25:13 IST" data-provider="SearchProvider" finished-at="2019-11-28T11:25:19 IST">
          <params>
            <param index="0">
              <value>
                <![CDATA[com.jjplaycardgames.landlord]]>
              </value>
            </param>
          </params>
          <reporter-output>
          </reporter-output>
        </test-method> <!-- CApkExtraction -->
        <test-method status="PASS" signature="CApkExtraction(java.lang.String)[pri:0, instance:Final.ApkExtract@6c49835d]" name="CApkExtraction" duration-ms="6562" started-at="2019-11-28T11:25:19 IST" data-provider="SearchProvider" finished-at="2019-11-28T11:25:26 IST">
          <params>
            <param index="0">
              <value>
                <![CDATA[com.icongames.hvh]]>
              </value>
            </param>
          </params>
          <reporter-output>
          </reporter-output>
        </test-method> <!-- CApkExtraction -->
        <test-method status="PASS" signature="CApkExtraction(java.lang.String)[pri:0, instance:Final.ApkExtract@6c49835d]" name="CApkExtraction" duration-ms="6576" started-at="2019-11-28T11:25:26 IST" data-provider="SearchProvider" finished-at="2019-11-28T11:25:33 IST">
          <params>
            <param index="0">
              <value>
                <![CDATA[engine3d.tbem.com]]>
              </value>
            </param>
          </params>
          <reporter-output>
          </reporter-output>
        </test-method> <!-- CApkExtraction -->
        <test-method status="PASS" signature="CApkExtraction(java.lang.String)[pri:0, instance:Final.ApkExtract@6c49835d]" name="CApkExtraction" duration-ms="6647" started-at="2019-11-28T11:25:33 IST" data-provider="SearchProvider" finished-at="2019-11-28T11:25:39 IST">
          <params>
            <param index="0">
              <value>
                <![CDATA[com.donutgames.microbattles2]]>
              </value>
            </param>
          </params>
          <reporter-output>
          </reporter-output>
        </test-method> <!-- CApkExtraction -->
        <test-method status="PASS" signature="CApkExtraction(java.lang.String)[pri:0, instance:Final.ApkExtract@6c49835d]" name="CApkExtraction" duration-ms="6563" started-at="2019-11-28T11:25:39 IST" data-provider="SearchProvider" finished-at="2019-11-28T11:25:46 IST">
          <params>
            <param index="0">
              <value>
                <![CDATA[jp.gr.java_conf.appdev.app.linksearch]]>
              </value>
            </param>
          </params>
          <reporter-output>
          </reporter-output>
        </test-method> <!-- CApkExtraction -->
        <test-method status="PASS" signature="CApkExtraction(java.lang.String)[pri:0, instance:Final.ApkExtract@6c49835d]" name="CApkExtraction" duration-ms="6545" started-at="2019-11-28T11:25:46 IST" data-provider="SearchProvider" finished-at="2019-11-28T11:25:52 IST">
          <params>
            <param index="0">
              <value>
                <![CDATA[com.afg.tap.hero]]>
              </value>
            </param>
          </params>
          <reporter-output>
          </reporter-output>
        </test-method> <!-- CApkExtraction -->
        <test-method status="PASS" signature="CApkExtraction(java.lang.String)[pri:0, instance:Final.ApkExtract@6c49835d]" name="CApkExtraction" duration-ms="6618" started-at="2019-11-28T11:25:52 IST" data-provider="SearchProvider" finished-at="2019-11-28T11:25:59 IST">
          <params>
            <param index="0">
              <value>
                <![CDATA[ru.svpribor.gamma.otdr]]>
              </value>
            </param>
          </params>
          <reporter-output>
          </reporter-output>
        </test-method> <!-- CApkExtraction -->
        <test-method status="PASS" signature="CApkExtraction(java.lang.String)[pri:0, instance:Final.ApkExtract@6c49835d]" name="CApkExtraction" duration-ms="6813" started-at="2019-11-28T11:25:59 IST" data-provider="SearchProvider" finished-at="2019-11-28T11:26:06 IST">
          <params>
            <param index="0">
              <value>
                <![CDATA[com.hgamesartworks.wildanimalsim]]>
              </value>
            </param>
          </params>
          <reporter-output>
          </reporter-output>
        </test-method> <!-- CApkExtraction -->
        <test-method status="PASS" signature="CApkExtraction(java.lang.String)[pri:0, instance:Final.ApkExtract@6c49835d]" name="CApkExtraction" duration-ms="6578" started-at="2019-11-28T11:26:06 IST" data-provider="SearchProvider" finished-at="2019-11-28T11:26:12 IST">
          <params>
            <param index="0">
              <value>
                <![CDATA[com.gcaj.picwordssolver]]>
              </value>
            </param>
          </params>
          <reporter-output>
          </reporter-output>
        </test-method> <!-- CApkExtraction -->
        <test-method status="PASS" signature="CApkExtraction(java.lang.String)[pri:0, instance:Final.ApkExtract@6c49835d]" name="CApkExtraction" duration-ms="6664" started-at="2019-11-28T11:26:12 IST" data-provider="SearchProvider" finished-at="2019-11-28T11:26:19 IST">
          <params>
            <param index="0">
              <value>
                <![CDATA[com.scriptlanes.goniometer]]>
              </value>
            </param>
          </params>
          <reporter-output>
          </reporter-output>
        </test-method> <!-- CApkExtraction -->
        <test-method status="PASS" signature="CApkExtraction(java.lang.String)[pri:0, instance:Final.ApkExtract@6c49835d]" name="CApkExtraction" duration-ms="6535" started-at="2019-11-28T11:26:19 IST" data-provider="SearchProvider" finished-at="2019-11-28T11:26:26 IST">
          <params>
            <param index="0">
              <value>
                <![CDATA[org.apertium.android]]>
              </value>
            </param>
          </params>
          <reporter-output>
          </reporter-output>
        </test-method> <!-- CApkExtraction -->
        <test-method status="PASS" signature="CApkExtraction(java.lang.String)[pri:0, instance:Final.ApkExtract@6c49835d]" name="CApkExtraction" duration-ms="6638" started-at="2019-11-28T11:26:26 IST" data-provider="SearchProvider" finished-at="2019-11-28T11:26:32 IST">
          <params>
            <param index="0">
              <value>
                <![CDATA[com.icongames.ginasta]]>
              </value>
            </param>
          </params>
          <reporter-output>
          </reporter-output>
        </test-method> <!-- CApkExtraction -->
        <test-method status="PASS" signature="CApkExtraction(java.lang.String)[pri:0, instance:Final.ApkExtract@6c49835d]" name="CApkExtraction" duration-ms="6769" started-at="2019-11-28T11:26:32 IST" data-provider="SearchProvider" finished-at="2019-11-28T11:26:39 IST">
          <params>
            <param index="0">
              <value>
                <![CDATA[com.icongames.alcatraz]]>
              </value>
            </param>
          </params>
          <reporter-output>
          </reporter-output>
        </test-method> <!-- CApkExtraction -->
        <test-method status="PASS" signature="CApkExtraction(java.lang.String)[pri:0, instance:Final.ApkExtract@6c49835d]" name="CApkExtraction" duration-ms="6645" started-at="2019-11-28T11:26:39 IST" data-provider="SearchProvider" finished-at="2019-11-28T11:26:46 IST">
          <params>
            <param index="0">
              <value>
                <![CDATA[com.tuesdayquest.myplanet]]>
              </value>
            </param>
          </params>
          <reporter-output>
          </reporter-output>
        </test-method> <!-- CApkExtraction -->
        <test-method status="PASS" signature="CApkExtraction(java.lang.String)[pri:0, instance:Final.ApkExtract@6c49835d]" name="CApkExtraction" duration-ms="3592" started-at="2019-11-28T11:26:46 IST" data-provider="SearchProvider" finished-at="2019-11-28T11:26:49 IST">
          <params>
            <param index="0">
              <value>
                <![CDATA[com.retrostylegames.dontplaythatgame]]>
              </value>
            </param>
          </params>
          <reporter-output>
          </reporter-output>
        </test-method> <!-- CApkExtraction -->
        <test-method status="PASS" signature="CApkExtraction(java.lang.String)[pri:0, instance:Final.ApkExtract@6c49835d]" name="CApkExtraction" duration-ms="3518" started-at="2019-11-28T11:26:49 IST" data-provider="SearchProvider" finished-at="2019-11-28T11:26:53 IST">
          <params>
            <param index="0">
              <value>
                <![CDATA[myworldapp.selfie.com]]>
              </value>
            </param>
          </params>
          <reporter-output>
          </reporter-output>
        </test-method> <!-- CApkExtraction -->
        <test-method status="PASS" signature="CApkExtraction(java.lang.String)[pri:0, instance:Final.ApkExtract@6c49835d]" name="CApkExtraction" duration-ms="3511" started-at="2019-11-28T11:26:53 IST" data-provider="SearchProvider" finished-at="2019-11-28T11:26:56 IST">
          <params>
            <param index="0">
              <value>
                <![CDATA[com.existage.vusa]]>
              </value>
            </param>
          </params>
          <reporter-output>
          </reporter-output>
        </test-method> <!-- CApkExtraction -->
        <test-method status="PASS" signature="CApkExtraction(java.lang.String)[pri:0, instance:Final.ApkExtract@6c49835d]" name="CApkExtraction" duration-ms="6633" started-at="2019-11-28T11:26:56 IST" data-provider="SearchProvider" finished-at="2019-11-28T11:27:03 IST">
          <params>
            <param index="0">
              <value>
                <![CDATA[it.lrx.tris]]>
              </value>
            </param>
          </params>
          <reporter-output>
          </reporter-output>
        </test-method> <!-- CApkExtraction -->
        <test-method status="PASS" signature="CApkExtraction(java.lang.String)[pri:0, instance:Final.ApkExtract@6c49835d]" name="CApkExtraction" duration-ms="6659" started-at="2019-11-28T11:27:03 IST" data-provider="SearchProvider" finished-at="2019-11-28T11:27:10 IST">
          <params>
            <param index="0">
              <value>
                <![CDATA[de.kamibox.burger]]>
              </value>
            </param>
          </params>
          <reporter-output>
          </reporter-output>
        </test-method> <!-- CApkExtraction -->
        <test-method status="PASS" signature="CApkExtraction(java.lang.String)[pri:0, instance:Final.ApkExtract@6c49835d]" name="CApkExtraction" duration-ms="6644" started-at="2019-11-28T11:27:10 IST" data-provider="SearchProvider" finished-at="2019-11-28T11:27:16 IST">
          <params>
            <param index="0">
              <value>
                <![CDATA[com.chebdev.trappads]]>
              </value>
            </param>
          </params>
          <reporter-output>
          </reporter-output>
        </test-method> <!-- CApkExtraction -->
        <test-method status="PASS" signature="CApkExtraction(java.lang.String)[pri:0, instance:Final.ApkExtract@6c49835d]" name="CApkExtraction" duration-ms="6553" started-at="2019-11-28T11:27:16 IST" data-provider="SearchProvider" finished-at="2019-11-28T11:27:23 IST">
          <params>
            <param index="0">
              <value>
                <![CDATA[com.pianyiwan.joke.apple]]>
              </value>
            </param>
          </params>
          <reporter-output>
          </reporter-output>
        </test-method> <!-- CApkExtraction -->
        <test-method status="PASS" signature="CApkExtraction(java.lang.String)[pri:0, instance:Final.ApkExtract@6c49835d]" name="CApkExtraction" duration-ms="6576" started-at="2019-11-28T11:27:23 IST" data-provider="SearchProvider" finished-at="2019-11-28T11:27:29 IST">
          <params>
            <param index="0">
              <value>
                <![CDATA[pkg.carperfpro]]>
              </value>
            </param>
          </params>
          <reporter-output>
          </reporter-output>
        </test-method> <!-- CApkExtraction -->
        <test-method status="PASS" signature="CApkExtraction(java.lang.String)[pri:0, instance:Final.ApkExtract@6c49835d]" name="CApkExtraction" duration-ms="6640" started-at="2019-11-28T11:27:29 IST" data-provider="SearchProvider" finished-at="2019-11-28T11:27:36 IST">
          <params>
            <param index="0">
              <value>
                <![CDATA[ie.bluebear.crazyshaver]]>
              </value>
            </param>
          </params>
          <reporter-output>
          </reporter-output>
        </test-method> <!-- CApkExtraction -->
        <test-method status="PASS" signature="CApkExtraction(java.lang.String)[pri:0, instance:Final.ApkExtract@6c49835d]" name="CApkExtraction" duration-ms="6670" started-at="2019-11-28T11:27:36 IST" data-provider="SearchProvider" finished-at="2019-11-28T11:27:43 IST">
          <params>
            <param index="0">
              <value>
                <![CDATA[com.itakeoffthemask.selfconfidence]]>
              </value>
            </param>
          </params>
          <reporter-output>
          </reporter-output>
        </test-method> <!-- CApkExtraction -->
        <test-method status="PASS" signature="CApkExtraction(java.lang.String)[pri:0, instance:Final.ApkExtract@6c49835d]" name="CApkExtraction" duration-ms="6571" started-at="2019-11-28T11:27:43 IST" data-provider="SearchProvider" finished-at="2019-11-28T11:27:49 IST">
          <params>
            <param index="0">
              <value>
                <![CDATA[com.alfa.brain_cube.gplay]]>
              </value>
            </param>
          </params>
          <reporter-output>
          </reporter-output>
        </test-method> <!-- CApkExtraction -->
        <test-method status="PASS" signature="CApkExtraction(java.lang.String)[pri:0, instance:Final.ApkExtract@6c49835d]" name="CApkExtraction" duration-ms="6687" started-at="2019-11-28T11:27:49 IST" data-provider="SearchProvider" finished-at="2019-11-28T11:27:56 IST">
          <params>
            <param index="0">
              <value>
                <![CDATA[com.lc.aquatheme]]>
              </value>
            </param>
          </params>
          <reporter-output>
          </reporter-output>
        </test-method> <!-- CApkExtraction -->
        <test-method status="PASS" signature="CApkExtraction(java.lang.String)[pri:0, instance:Final.ApkExtract@6c49835d]" name="CApkExtraction" duration-ms="6658" started-at="2019-11-28T11:27:56 IST" data-provider="SearchProvider" finished-at="2019-11-28T11:28:03 IST">
          <params>
            <param index="0">
              <value>
                <![CDATA[com.kongregate.mobile.officespace.google]]>
              </value>
            </param>
          </params>
          <reporter-output>
          </reporter-output>
        </test-method> <!-- CApkExtraction -->
        <test-method status="PASS" signature="CApkExtraction(java.lang.String)[pri:0, instance:Final.ApkExtract@6c49835d]" name="CApkExtraction" duration-ms="6981" started-at="2019-11-28T11:28:03 IST" data-provider="SearchProvider" finished-at="2019-11-28T11:28:10 IST">
          <params>
            <param index="0">
              <value>
                <![CDATA[com.bigpandagames.mks]]>
              </value>
            </param>
          </params>
          <reporter-output>
          </reporter-output>
        </test-method> <!-- CApkExtraction -->
        <test-method status="PASS" signature="CApkExtraction(java.lang.String)[pri:0, instance:Final.ApkExtract@6c49835d]" name="CApkExtraction" duration-ms="6675" started-at="2019-11-28T11:28:10 IST" data-provider="SearchProvider" finished-at="2019-11-28T11:28:16 IST">
          <params>
            <param index="0">
              <value>
                <![CDATA[io.evolutiongames.watermelonevolution]]>
              </value>
            </param>
          </params>
          <reporter-output>
          </reporter-output>
        </test-method> <!-- CApkExtraction -->
        <test-method status="PASS" signature="CApkExtraction(java.lang.String)[pri:0, instance:Final.ApkExtract@6c49835d]" name="CApkExtraction" duration-ms="3562" started-at="2019-11-28T11:28:16 IST" data-provider="SearchProvider" finished-at="2019-11-28T11:28:20 IST">
          <params>
            <param index="0">
              <value>
                <![CDATA[com.ellastrails.sightwordsforpreschoolandkindergartenkids]]>
              </value>
            </param>
          </params>
          <reporter-output>
          </reporter-output>
        </test-method> <!-- CApkExtraction -->
        <test-method status="PASS" signature="CApkExtraction(java.lang.String)[pri:0, instance:Final.ApkExtract@6c49835d]" name="CApkExtraction" duration-ms="6794" started-at="2019-11-28T11:28:20 IST" data-provider="SearchProvider" finished-at="2019-11-28T11:28:27 IST">
          <params>
            <param index="0">
              <value>
                <![CDATA[com.yukiyazilim.baglamacalnotali]]>
              </value>
            </param>
          </params>
          <reporter-output>
          </reporter-output>
        </test-method> <!-- CApkExtraction -->
        <test-method status="PASS" signature="CApkExtraction(java.lang.String)[pri:0, instance:Final.ApkExtract@6c49835d]" name="CApkExtraction" duration-ms="3521" started-at="2019-11-28T11:28:27 IST" data-provider="SearchProvider" finished-at="2019-11-28T11:28:30 IST">
          <params>
            <param index="0">
              <value>
                <![CDATA[com.my.leo.somniloquy]]>
              </value>
            </param>
          </params>
          <reporter-output>
          </reporter-output>
        </test-method> <!-- CApkExtraction -->
        <test-method status="PASS" signature="CApkExtraction(java.lang.String)[pri:0, instance:Final.ApkExtract@6c49835d]" name="CApkExtraction" duration-ms="6753" started-at="2019-11-28T11:28:30 IST" data-provider="SearchProvider" finished-at="2019-11-28T11:28:37 IST">
          <params>
            <param index="0">
              <value>
                <![CDATA[com.devsisters.icepixel.tapeit]]>
              </value>
            </param>
          </params>
          <reporter-output>
          </reporter-output>
        </test-method> <!-- CApkExtraction -->
        <test-method status="PASS" signature="CApkExtraction(java.lang.String)[pri:0, instance:Final.ApkExtract@6c49835d]" name="CApkExtraction" duration-ms="6659" started-at="2019-11-28T11:28:37 IST" data-provider="SearchProvider" finished-at="2019-11-28T11:28:44 IST">
          <params>
            <param index="0">
              <value>
                <![CDATA[com.alfa.droplets.gplay]]>
              </value>
            </param>
          </params>
          <reporter-output>
          </reporter-output>
        </test-method> <!-- CApkExtraction -->
        <test-method status="PASS" signature="CApkExtraction(java.lang.String)[pri:0, instance:Final.ApkExtract@6c49835d]" name="CApkExtraction" duration-ms="6527" started-at="2019-11-28T11:28:44 IST" data-provider="SearchProvider" finished-at="2019-11-28T11:28:50 IST">
          <params>
            <param index="0">
              <value>
                <![CDATA[com.nelset.vlogger]]>
              </value>
            </param>
          </params>
          <reporter-output>
          </reporter-output>
        </test-method> <!-- CApkExtraction -->
        <test-method status="PASS" signature="CApkExtraction(java.lang.String)[pri:0, instance:Final.ApkExtract@6c49835d]" name="CApkExtraction" duration-ms="3568" started-at="2019-11-28T11:28:50 IST" data-provider="SearchProvider" finished-at="2019-11-28T11:28:54 IST">
          <params>
            <param index="0">
              <value>
                <![CDATA[air.App2Eleven.LogicGamePuzzlesUntangle]]>
              </value>
            </param>
          </params>
          <reporter-output>
          </reporter-output>
        </test-method> <!-- CApkExtraction -->
        <test-method status="PASS" signature="CApkExtraction(java.lang.String)[pri:0, instance:Final.ApkExtract@6c49835d]" name="CApkExtraction" duration-ms="6566" started-at="2019-11-28T11:28:54 IST" data-provider="SearchProvider" finished-at="2019-11-28T11:29:00 IST">
          <params>
            <param index="0">
              <value>
                <![CDATA[com.remind4u2.sounds.of.rain]]>
              </value>
            </param>
          </params>
          <reporter-output>
          </reporter-output>
        </test-method> <!-- CApkExtraction -->
        <test-method status="PASS" signature="CApkExtraction(java.lang.String)[pri:0, instance:Final.ApkExtract@6c49835d]" name="CApkExtraction" duration-ms="3597" started-at="2019-11-28T11:29:00 IST" data-provider="SearchProvider" finished-at="2019-11-28T11:29:04 IST">
          <params>
            <param index="0">
              <value>
                <![CDATA[com.greyolltwit.solonoble]]>
              </value>
            </param>
          </params>
          <reporter-output>
          </reporter-output>
        </test-method> <!-- CApkExtraction -->
        <test-method status="PASS" signature="CApkExtraction(java.lang.String)[pri:0, instance:Final.ApkExtract@6c49835d]" name="CApkExtraction" duration-ms="3426" started-at="2019-11-28T11:29:04 IST" data-provider="SearchProvider" finished-at="2019-11-28T11:29:07 IST">
          <params>
            <param index="0">
              <value>
                <![CDATA[com.llgroup.linearquest]]>
              </value>
            </param>
          </params>
          <reporter-output>
          </reporter-output>
        </test-method> <!-- CApkExtraction -->
        <test-method status="PASS" signature="CApkExtraction(java.lang.String)[pri:0, instance:Final.ApkExtract@6c49835d]" name="CApkExtraction" duration-ms="6686" started-at="2019-11-28T11:29:07 IST" data-provider="SearchProvider" finished-at="2019-11-28T11:29:14 IST">
          <params>
            <param index="0">
              <value>
                <![CDATA[com.sofu.egg.breaker]]>
              </value>
            </param>
          </params>
          <reporter-output>
          </reporter-output>
        </test-method> <!-- CApkExtraction -->
        <test-method status="PASS" signature="CApkExtraction(java.lang.String)[pri:0, instance:Final.ApkExtract@6c49835d]" name="CApkExtraction" duration-ms="6609" started-at="2019-11-28T11:29:14 IST" data-provider="SearchProvider" finished-at="2019-11-28T11:29:20 IST">
          <params>
            <param index="0">
              <value>
                <![CDATA[com.sofu.brick.breaker]]>
              </value>
            </param>
          </params>
          <reporter-output>
          </reporter-output>
        </test-method> <!-- CApkExtraction -->
        <test-method status="PASS" signature="CApkExtraction(java.lang.String)[pri:0, instance:Final.ApkExtract@6c49835d]" name="CApkExtraction" duration-ms="3651" started-at="2019-11-28T11:29:20 IST" data-provider="SearchProvider" finished-at="2019-11-28T11:29:24 IST">
          <params>
            <param index="0">
              <value>
                <![CDATA[com.ilkerdanali.rj45ethernetcolors]]>
              </value>
            </param>
          </params>
          <reporter-output>
          </reporter-output>
        </test-method> <!-- CApkExtraction -->
        <test-method status="PASS" signature="CApkExtraction(java.lang.String)[pri:0, instance:Final.ApkExtract@6c49835d]" name="CApkExtraction" duration-ms="6691" started-at="2019-11-28T11:29:24 IST" data-provider="SearchProvider" finished-at="2019-11-28T11:29:31 IST">
          <params>
            <param index="0">
              <value>
                <![CDATA[ie.bluebear.kittendoctor]]>
              </value>
            </param>
          </params>
          <reporter-output>
          </reporter-output>
        </test-method> <!-- CApkExtraction -->
        <test-method status="PASS" signature="CApkExtraction(java.lang.String)[pri:0, instance:Final.ApkExtract@6c49835d]" name="CApkExtraction" duration-ms="4061" started-at="2019-11-28T11:29:31 IST" data-provider="SearchProvider" finished-at="2019-11-28T11:29:35 IST">
          <params>
            <param index="0">
              <value>
                <![CDATA[com.puzzle.bubblebird]]>
              </value>
            </param>
          </params>
          <reporter-output>
          </reporter-output>
        </test-method> <!-- CApkExtraction -->
        <test-method status="PASS" signature="CApkExtraction(java.lang.String)[pri:0, instance:Final.ApkExtract@6c49835d]" name="CApkExtraction" duration-ms="7030" started-at="2019-11-28T11:29:35 IST" data-provider="SearchProvider" finished-at="2019-11-28T11:29:42 IST">
          <params>
            <param index="0">
              <value>
                <![CDATA[com.g123]]>
              </value>
            </param>
          </params>
          <reporter-output>
          </reporter-output>
        </test-method> <!-- CApkExtraction -->
        <test-method status="PASS" signature="CApkExtraction(java.lang.String)[pri:0, instance:Final.ApkExtract@6c49835d]" name="CApkExtraction" duration-ms="2747" started-at="2019-11-28T11:29:42 IST" data-provider="SearchProvider" finished-at="2019-11-28T11:29:45 IST">
          <params>
            <param index="0">
              <value>
                <![CDATA[com.sufu.ice.breaker]]>
              </value>
            </param>
          </params>
          <reporter-output>
          </reporter-output>
        </test-method> <!-- CApkExtraction -->
        <test-method status="PASS" signature="CApkExtraction(java.lang.String)[pri:0, instance:Final.ApkExtract@6c49835d]" name="CApkExtraction" duration-ms="6679" started-at="2019-11-28T11:29:45 IST" data-provider="SearchProvider" finished-at="2019-11-28T11:29:51 IST">
          <params>
            <param index="0">
              <value>
                <![CDATA[com.sofu.neon.ball.breaker]]>
              </value>
            </param>
          </params>
          <reporter-output>
          </reporter-output>
        </test-method> <!-- CApkExtraction -->
        <test-method status="PASS" signature="CApkExtraction(java.lang.String)[pri:0, instance:Final.ApkExtract@6c49835d]" name="CApkExtraction" duration-ms="6614" started-at="2019-11-28T11:29:51 IST" data-provider="SearchProvider" finished-at="2019-11-28T11:29:58 IST">
          <params>
            <param index="0">
              <value>
                <![CDATA[com.zts.ageoffantasy]]>
              </value>
            </param>
          </params>
          <reporter-output>
          </reporter-output>
        </test-method> <!-- CApkExtraction -->
        <test-method status="PASS" signature="CApkExtraction(java.lang.String)[pri:0, instance:Final.ApkExtract@6c49835d]" name="CApkExtraction" duration-ms="6630" started-at="2019-11-28T11:29:58 IST" data-provider="SearchProvider" finished-at="2019-11-28T11:30:05 IST">
          <params>
            <param index="0">
              <value>
                <![CDATA[com.zts.ageofstrategy]]>
              </value>
            </param>
          </params>
          <reporter-output>
          </reporter-output>
        </test-method> <!-- CApkExtraction -->
        <test-method status="PASS" signature="CApkExtraction(java.lang.String)[pri:0, instance:Final.ApkExtract@6c49835d]" name="CApkExtraction" duration-ms="6667" started-at="2019-11-28T11:30:05 IST" data-provider="SearchProvider" finished-at="2019-11-28T11:30:11 IST">
          <params>
            <param index="0">
              <value>
                <![CDATA[com.sparrow.animatedbiologyc12s03ch02p02]]>
              </value>
            </param>
          </params>
          <reporter-output>
          </reporter-output>
        </test-method> <!-- CApkExtraction -->
        <test-method status="PASS" signature="CApkExtraction(java.lang.String)[pri:0, instance:Final.ApkExtract@6c49835d]" name="CApkExtraction" duration-ms="3579" started-at="2019-11-28T11:30:11 IST" data-provider="SearchProvider" finished-at="2019-11-28T11:30:15 IST">
          <params>
            <param index="0">
              <value>
                <![CDATA[maruti.gujaratihalarda]]>
              </value>
            </param>
          </params>
          <reporter-output>
          </reporter-output>
        </test-method> <!-- CApkExtraction -->
        <test-method status="PASS" signature="CApkExtraction(java.lang.String)[pri:0, instance:Final.ApkExtract@6c49835d]" name="CApkExtraction" duration-ms="6653" started-at="2019-11-28T11:30:15 IST" data-provider="SearchProvider" finished-at="2019-11-28T11:30:22 IST">
          <params>
            <param index="0">
              <value>
                <![CDATA[org.levantatecatolico.app08]]>
              </value>
            </param>
          </params>
          <reporter-output>
          </reporter-output>
        </test-method> <!-- CApkExtraction -->
        <test-method status="PASS" signature="CApkExtraction(java.lang.String)[pri:0, instance:Final.ApkExtract@6c49835d]" name="CApkExtraction" duration-ms="3538" started-at="2019-11-28T11:30:22 IST" data-provider="SearchProvider" finished-at="2019-11-28T11:30:25 IST">
          <params>
            <param index="0">
              <value>
                <![CDATA[info.dodata.unlock]]>
              </value>
            </param>
          </params>
          <reporter-output>
          </reporter-output>
        </test-method> <!-- CApkExtraction -->
        <test-method status="PASS" signature="CApkExtraction(java.lang.String)[pri:0, instance:Final.ApkExtract@6c49835d]" name="CApkExtraction" duration-ms="3544" started-at="2019-11-28T11:30:25 IST" data-provider="SearchProvider" finished-at="2019-11-28T11:30:29 IST">
          <params>
            <param index="0">
              <value>
                <![CDATA[com.wakdev.nfctools.plugin.reuse]]>
              </value>
            </param>
          </params>
          <reporter-output>
          </reporter-output>
        </test-method> <!-- CApkExtraction -->
        <test-method status="PASS" signature="CApkExtraction(java.lang.String)[pri:0, instance:Final.ApkExtract@6c49835d]" name="CApkExtraction" duration-ms="3551" started-at="2019-11-28T11:30:29 IST" data-provider="SearchProvider" finished-at="2019-11-28T11:30:32 IST">
          <params>
            <param index="0">
              <value>
                <![CDATA[com.bs.drift.car.endless.racer.traffic.apps]]>
              </value>
            </param>
          </params>
          <reporter-output>
          </reporter-output>
        </test-method> <!-- CApkExtraction -->
        <test-method status="PASS" signature="CApkExtraction(java.lang.String)[pri:0, instance:Final.ApkExtract@6c49835d]" name="CApkExtraction" duration-ms="6669" started-at="2019-11-28T11:30:32 IST" data-provider="SearchProvider" finished-at="2019-11-28T11:30:39 IST">
          <params>
            <param index="0">
              <value>
                <![CDATA[com.colortheme.emojikeyboard]]>
              </value>
            </param>
          </params>
          <reporter-output>
          </reporter-output>
        </test-method> <!-- CApkExtraction -->
        <test-method status="PASS" signature="CApkExtraction(java.lang.String)[pri:0, instance:Final.ApkExtract@6c49835d]" name="CApkExtraction" duration-ms="6588" started-at="2019-11-28T11:30:39 IST" data-provider="SearchProvider" finished-at="2019-11-28T11:30:45 IST">
          <params>
            <param index="0">
              <value>
                <![CDATA[com.fashionhive.SujokTherapy]]>
              </value>
            </param>
          </params>
          <reporter-output>
          </reporter-output>
        </test-method> <!-- CApkExtraction -->
        <test-method status="PASS" signature="CApkExtraction(java.lang.String)[pri:0, instance:Final.ApkExtract@6c49835d]" name="CApkExtraction" duration-ms="3535" started-at="2019-11-28T11:30:45 IST" data-provider="SearchProvider" finished-at="2019-11-28T11:30:49 IST">
          <params>
            <param index="0">
              <value>
                <![CDATA[com.hp.hpndiscovery]]>
              </value>
            </param>
          </params>
          <reporter-output>
          </reporter-output>
        </test-method> <!-- CApkExtraction -->
        <test-method status="PASS" signature="CApkExtraction(java.lang.String)[pri:0, instance:Final.ApkExtract@6c49835d]" name="CApkExtraction" duration-ms="3565" started-at="2019-11-28T11:30:49 IST" data-provider="SearchProvider" finished-at="2019-11-28T11:30:53 IST">
          <params>
            <param index="0">
              <value>
                <![CDATA[com.appally.bodylanguagetips]]>
              </value>
            </param>
          </params>
          <reporter-output>
          </reporter-output>
        </test-method> <!-- CApkExtraction -->
        <test-method status="PASS" signature="CApkExtraction(java.lang.String)[pri:0, instance:Final.ApkExtract@6c49835d]" name="CApkExtraction" duration-ms="6600" started-at="2019-11-28T11:30:53 IST" data-provider="SearchProvider" finished-at="2019-11-28T11:30:59 IST">
          <params>
            <param index="0">
              <value>
                <![CDATA[com.trapped.psychoescape]]>
              </value>
            </param>
          </params>
          <reporter-output>
          </reporter-output>
        </test-method> <!-- CApkExtraction -->
        <test-method status="PASS" signature="CApkExtraction(java.lang.String)[pri:0, instance:Final.ApkExtract@6c49835d]" name="CApkExtraction" duration-ms="6657" started-at="2019-11-28T11:30:59 IST" data-provider="SearchProvider" finished-at="2019-11-28T11:31:06 IST">
          <params>
            <param index="0">
              <value>
                <![CDATA[com.jackpotgames.jackpotcasino]]>
              </value>
            </param>
          </params>
          <reporter-output>
          </reporter-output>
        </test-method> <!-- CApkExtraction -->
        <test-method status="PASS" signature="CApkExtraction(java.lang.String)[pri:0, instance:Final.ApkExtract@6c49835d]" name="CApkExtraction" duration-ms="7116" started-at="2019-11-28T11:31:06 IST" data-provider="SearchProvider" finished-at="2019-11-28T11:31:13 IST">
          <params>
            <param index="0">
              <value>
                <![CDATA[com.skyapps.logo.maker.free]]>
              </value>
            </param>
          </params>
          <reporter-output>
          </reporter-output>
        </test-method> <!-- CApkExtraction -->
        <test-method status="PASS" signature="CApkExtraction(java.lang.String)[pri:0, instance:Final.ApkExtract@6c49835d]" name="CApkExtraction" duration-ms="6584" started-at="2019-11-28T11:31:13 IST" data-provider="SearchProvider" finished-at="2019-11-28T11:31:19 IST">
          <params>
            <param index="0">
              <value>
                <![CDATA[com.dignitygames.jumpingcube]]>
              </value>
            </param>
          </params>
          <reporter-output>
          </reporter-output>
        </test-method> <!-- CApkExtraction -->
        <test-method status="PASS" signature="CApkExtraction(java.lang.String)[pri:0, instance:Final.ApkExtract@6c49835d]" name="CApkExtraction" duration-ms="6709" started-at="2019-11-28T11:31:19 IST" data-provider="SearchProvider" finished-at="2019-11-28T11:31:26 IST">
          <params>
            <param index="0">
              <value>
                <![CDATA[com.klikapp.charadeshd]]>
              </value>
            </param>
          </params>
          <reporter-output>
          </reporter-output>
        </test-method> <!-- CApkExtraction -->
        <test-method status="PASS" signature="CApkExtraction(java.lang.String)[pri:0, instance:Final.ApkExtract@6c49835d]" name="CApkExtraction" duration-ms="3570" started-at="2019-11-28T11:31:26 IST" data-provider="SearchProvider" finished-at="2019-11-28T11:31:30 IST">
          <params>
            <param index="0">
              <value>
                <![CDATA[com.margaloo.homeopathyinhindi]]>
              </value>
            </param>
          </params>
          <reporter-output>
          </reporter-output>
        </test-method> <!-- CApkExtraction -->
        <test-method status="PASS" signature="CApkExtraction(java.lang.String)[pri:0, instance:Final.ApkExtract@6c49835d]" name="CApkExtraction" duration-ms="6519" started-at="2019-11-28T11:31:30 IST" data-provider="SearchProvider" finished-at="2019-11-28T11:31:36 IST">
          <params>
            <param index="0">
              <value>
                <![CDATA[com.snk.babyelephantsalon]]>
              </value>
            </param>
          </params>
          <reporter-output>
          </reporter-output>
        </test-method> <!-- CApkExtraction -->
        <test-method status="PASS" signature="CApkExtraction(java.lang.String)[pri:0, instance:Final.ApkExtract@6c49835d]" name="CApkExtraction" duration-ms="6802" started-at="2019-11-28T11:31:36 IST" data-provider="SearchProvider" finished-at="2019-11-28T11:31:43 IST">
          <params>
            <param index="0">
              <value>
                <![CDATA[jp.co.wcircle.ablanksheet]]>
              </value>
            </param>
          </params>
          <reporter-output>
          </reporter-output>
        </test-method> <!-- CApkExtraction -->
        <test-method status="PASS" signature="CApkExtraction(java.lang.String)[pri:0, instance:Final.ApkExtract@6c49835d]" name="CApkExtraction" duration-ms="6689" started-at="2019-11-28T11:31:43 IST" data-provider="SearchProvider" finished-at="2019-11-28T11:31:50 IST">
          <params>
            <param index="0">
              <value>
                <![CDATA[com.pragmaticapps.dalekvoicechanger]]>
              </value>
            </param>
          </params>
          <reporter-output>
          </reporter-output>
        </test-method> <!-- CApkExtraction -->
        <test-method status="PASS" signature="CApkExtraction(java.lang.String)[pri:0, instance:Final.ApkExtract@6c49835d]" name="CApkExtraction" duration-ms="6611" started-at="2019-11-28T11:31:50 IST" data-provider="SearchProvider" finished-at="2019-11-28T11:31:56 IST">
          <params>
            <param index="0">
              <value>
                <![CDATA[com.noormediaapps.valentinesdaylivewallpaper]]>
              </value>
            </param>
          </params>
          <reporter-output>
          </reporter-output>
        </test-method> <!-- CApkExtraction -->
        <test-method status="PASS" signature="CApkExtraction(java.lang.String)[pri:0, instance:Final.ApkExtract@6c49835d]" name="CApkExtraction" duration-ms="6575" started-at="2019-11-28T11:31:56 IST" data-provider="SearchProvider" finished-at="2019-11-28T11:32:03 IST">
          <params>
            <param index="0">
              <value>
                <![CDATA[com.oasissolutions.nade.ali.free]]>
              </value>
            </param>
          </params>
          <reporter-output>
          </reporter-output>
        </test-method> <!-- CApkExtraction -->
        <test-method status="PASS" signature="CApkExtraction(java.lang.String)[pri:0, instance:Final.ApkExtract@6c49835d]" name="CApkExtraction" duration-ms="3618" started-at="2019-11-28T11:32:03 IST" data-provider="SearchProvider" finished-at="2019-11-28T11:32:07 IST">
          <params>
            <param index="0">
              <value>
                <![CDATA[com.emanger.ccmatch3.diamonds]]>
              </value>
            </param>
          </params>
          <reporter-output>
          </reporter-output>
        </test-method> <!-- CApkExtraction -->
        <test-method status="PASS" signature="CApkExtraction(java.lang.String)[pri:0, instance:Final.ApkExtract@6c49835d]" name="CApkExtraction" duration-ms="6702" started-at="2019-11-28T11:32:07 IST" data-provider="SearchProvider" finished-at="2019-11-28T11:32:13 IST">
          <params>
            <param index="0">
              <value>
                <![CDATA[com.focuswheel]]>
              </value>
            </param>
          </params>
          <reporter-output>
          </reporter-output>
        </test-method> <!-- CApkExtraction -->
        <test-method status="PASS" signature="CApkExtraction(java.lang.String)[pri:0, instance:Final.ApkExtract@6c49835d]" name="CApkExtraction" duration-ms="3836" started-at="2019-11-28T11:32:13 IST" data-provider="SearchProvider" finished-at="2019-11-28T11:32:17 IST">
          <params>
            <param index="0">
              <value>
                <![CDATA[com.margaloo.hindibusinessideasapp]]>
              </value>
            </param>
          </params>
          <reporter-output>
          </reporter-output>
        </test-method> <!-- CApkExtraction -->
        <test-method status="PASS" signature="CApkExtraction(java.lang.String)[pri:0, instance:Final.ApkExtract@6c49835d]" name="CApkExtraction" duration-ms="3867" started-at="2019-11-28T11:32:17 IST" data-provider="SearchProvider" finished-at="2019-11-28T11:32:21 IST">
          <params>
            <param index="0">
              <value>
                <![CDATA[com.dailymobapps.resume]]>
              </value>
            </param>
          </params>
          <reporter-output>
          </reporter-output>
        </test-method> <!-- CApkExtraction -->
        <test-method status="PASS" signature="CApkExtraction(java.lang.String)[pri:0, instance:Final.ApkExtract@6c49835d]" name="CApkExtraction" duration-ms="6844" started-at="2019-11-28T11:32:21 IST" data-provider="SearchProvider" finished-at="2019-11-28T11:32:28 IST">
          <params>
            <param index="0">
              <value>
                <![CDATA[com.vaxtech.nextbus.dallas]]>
              </value>
            </param>
          </params>
          <reporter-output>
          </reporter-output>
        </test-method> <!-- CApkExtraction -->
        <test-method status="PASS" signature="CApkExtraction(java.lang.String)[pri:0, instance:Final.ApkExtract@6c49835d]" name="CApkExtraction" duration-ms="3842" started-at="2019-11-28T11:32:28 IST" data-provider="SearchProvider" finished-at="2019-11-28T11:32:32 IST">
          <params>
            <param index="0">
              <value>
                <![CDATA[com.symbol.uisample]]>
              </value>
            </param>
          </params>
          <reporter-output>
          </reporter-output>
        </test-method> <!-- CApkExtraction -->
        <test-method status="PASS" signature="CApkExtraction(java.lang.String)[pri:0, instance:Final.ApkExtract@6c49835d]" name="CApkExtraction" duration-ms="3874" started-at="2019-11-28T11:32:32 IST" data-provider="SearchProvider" finished-at="2019-11-28T11:32:36 IST">
          <params>
            <param index="0">
              <value>
                <![CDATA[com.margaloo.personalityDevMarathi]]>
              </value>
            </param>
          </params>
          <reporter-output>
          </reporter-output>
        </test-method> <!-- CApkExtraction -->
        <test-method status="PASS" signature="CApkExtraction(java.lang.String)[pri:0, instance:Final.ApkExtract@6c49835d]" name="CApkExtraction" duration-ms="6769" started-at="2019-11-28T11:32:36 IST" data-provider="SearchProvider" finished-at="2019-11-28T11:32:42 IST">
          <params>
            <param index="0">
              <value>
                <![CDATA[com.libiitech.stargirlssalon]]>
              </value>
            </param>
          </params>
          <reporter-output>
          </reporter-output>
        </test-method> <!-- CApkExtraction -->
        <test-method status="PASS" signature="CApkExtraction(java.lang.String)[pri:0, instance:Final.ApkExtract@6c49835d]" name="CApkExtraction" duration-ms="6851" started-at="2019-11-28T11:32:42 IST" data-provider="SearchProvider" finished-at="2019-11-28T11:32:49 IST">
          <params>
            <param index="0">
              <value>
                <![CDATA[com.schroechsoftware.eggcookerpro]]>
              </value>
            </param>
          </params>
          <reporter-output>
          </reporter-output>
        </test-method> <!-- CApkExtraction -->
        <test-method status="PASS" signature="CApkExtraction(java.lang.String)[pri:0, instance:Final.ApkExtract@6c49835d]" name="CApkExtraction" duration-ms="6939" started-at="2019-11-28T11:32:49 IST" data-provider="SearchProvider" finished-at="2019-11-28T11:32:56 IST">
          <params>
            <param index="0">
              <value>
                <![CDATA[pl.netigen.hungryfish]]>
              </value>
            </param>
          </params>
          <reporter-output>
          </reporter-output>
        </test-method> <!-- CApkExtraction -->
        <test-method status="PASS" signature="CApkExtraction(java.lang.String)[pri:0, instance:Final.ApkExtract@6c49835d]" name="CApkExtraction" duration-ms="6594" started-at="2019-11-28T11:32:56 IST" data-provider="SearchProvider" finished-at="2019-11-28T11:33:03 IST">
          <params>
            <param index="0">
              <value>
                <![CDATA[pl.luglasoft.videolearning.de]]>
              </value>
            </param>
          </params>
          <reporter-output>
          </reporter-output>
        </test-method> <!-- CApkExtraction -->
        <test-method status="PASS" signature="CApkExtraction(java.lang.String)[pri:0, instance:Final.ApkExtract@6c49835d]" name="CApkExtraction" duration-ms="6693" started-at="2019-11-28T11:33:03 IST" data-provider="SearchProvider" finished-at="2019-11-28T11:33:09 IST">
          <params>
            <param index="0">
              <value>
                <![CDATA[forderror.forddtc.elm327.fordtroublecode.oht.fordscan.fordsysscan]]>
              </value>
            </param>
          </params>
          <reporter-output>
          </reporter-output>
        </test-method> <!-- CApkExtraction -->
        <test-method status="PASS" signature="CApkExtraction(java.lang.String)[pri:0, instance:Final.ApkExtract@6c49835d]" name="CApkExtraction" duration-ms="6562" started-at="2019-11-28T11:33:09 IST" data-provider="SearchProvider" finished-at="2019-11-28T11:33:16 IST">
          <params>
            <param index="0">
              <value>
                <![CDATA[com.desenvdroid.sondtorelex]]>
              </value>
            </param>
          </params>
          <reporter-output>
          </reporter-output>
        </test-method> <!-- CApkExtraction -->
        <test-method status="PASS" signature="CApkExtraction(java.lang.String)[pri:0, instance:Final.ApkExtract@6c49835d]" name="CApkExtraction" duration-ms="3620" started-at="2019-11-28T11:33:16 IST" data-provider="SearchProvider" finished-at="2019-11-28T11:33:20 IST">
          <params>
            <param index="0">
              <value>
                <![CDATA[com.urvatool.hinditotelugutranslator]]>
              </value>
            </param>
          </params>
          <reporter-output>
          </reporter-output>
        </test-method> <!-- CApkExtraction -->
        <test-method status="PASS" signature="CApkExtraction(java.lang.String)[pri:0, instance:Final.ApkExtract@6c49835d]" name="CApkExtraction" duration-ms="6829" started-at="2019-11-28T11:33:20 IST" data-provider="SearchProvider" finished-at="2019-11-28T11:33:26 IST">
          <params>
            <param index="0">
              <value>
                <![CDATA[com.kidstatic.puzzleconstruction]]>
              </value>
            </param>
          </params>
          <reporter-output>
          </reporter-output>
        </test-method> <!-- CApkExtraction -->
        <test-method status="PASS" signature="CApkExtraction(java.lang.String)[pri:0, instance:Final.ApkExtract@6c49835d]" name="CApkExtraction" duration-ms="6816" started-at="2019-11-28T11:33:26 IST" data-provider="SearchProvider" finished-at="2019-11-28T11:33:33 IST">
          <params>
            <param index="0">
              <value>
                <![CDATA[com.mobilexsoft.agenda]]>
              </value>
            </param>
          </params>
          <reporter-output>
          </reporter-output>
        </test-method> <!-- CApkExtraction -->
        <test-method status="PASS" signature="CApkExtraction(java.lang.String)[pri:0, instance:Final.ApkExtract@6c49835d]" name="CApkExtraction" duration-ms="6739" started-at="2019-11-28T11:33:33 IST" data-provider="SearchProvider" finished-at="2019-11-28T11:33:40 IST">
          <params>
            <param index="0">
              <value>
                <![CDATA[com.reactor.pushingmachine]]>
              </value>
            </param>
          </params>
          <reporter-output>
          </reporter-output>
        </test-method> <!-- CApkExtraction -->
        <test-method status="PASS" signature="CApkExtraction(java.lang.String)[pri:0, instance:Final.ApkExtract@6c49835d]" name="CApkExtraction" duration-ms="3607" started-at="2019-11-28T11:33:40 IST" data-provider="SearchProvider" finished-at="2019-11-28T11:33:44 IST">
          <params>
            <param index="0">
              <value>
                <![CDATA[com.margaloo.digitalindia]]>
              </value>
            </param>
          </params>
          <reporter-output>
          </reporter-output>
        </test-method> <!-- CApkExtraction -->
        <test-method status="PASS" signature="CApkExtraction(java.lang.String)[pri:0, instance:Final.ApkExtract@6c49835d]" name="CApkExtraction" duration-ms="6765" started-at="2019-11-28T11:33:44 IST" data-provider="SearchProvider" finished-at="2019-11-28T11:33:50 IST">
          <params>
            <param index="0">
              <value>
                <![CDATA[com.chebdev.dubstepproducerpads]]>
              </value>
            </param>
          </params>
          <reporter-output>
          </reporter-output>
        </test-method> <!-- CApkExtraction -->
        <test-method status="PASS" signature="CApkExtraction(java.lang.String)[pri:0, instance:Final.ApkExtract@6c49835d]" name="CApkExtraction" duration-ms="6818" started-at="2019-11-28T11:33:50 IST" data-provider="SearchProvider" finished-at="2019-11-28T11:33:57 IST">
          <params>
            <param index="0">
              <value>
                <![CDATA[com.jca.udpsendreceive]]>
              </value>
            </param>
          </params>
          <reporter-output>
          </reporter-output>
[...]
              <value>
                <![CDATA[topphoto.photophuniaeffect]]>
              </value>
            </param>
          </params>
          <reporter-output>
          </reporter-output>
        </test-method> <!-- CApkExtraction -->
        <test-method status="PASS" signature="CApkExtraction(java.lang.String)[pri:0, instance:Final.ApkExtract@6c49835d]" name="CApkExtraction" duration-ms="6760" started-at="2019-11-28T11:46:36 IST" data-provider="SearchProvider" finished-at="2019-11-28T11:46:43 IST">
          <params>
            <param index="0">
              <value>
                <![CDATA[com.funcraftstudios.ruthless.gunner.battle]]>
              </value>
            </param>
          </params>
          <reporter-output>
          </reporter-output>
        </test-method> <!-- CApkExtraction -->
        <test-method status="PASS" signature="CApkExtraction(java.lang.String)[pri:0, instance:Final.ApkExtract@6c49835d]" name="CApkExtraction" duration-ms="3576" started-at="2019-11-28T11:46:43 IST" data-provider="SearchProvider" finished-at="2019-11-28T11:46:46 IST">
          <params>
            <param index="0">
              <value>
                <![CDATA[eu.friskies.jitterbug]]>
              </value>
            </param>
          </params>
          <reporter-output>
          </reporter-output>
        </test-method> <!-- CApkExtraction -->
        <test-method status="PASS" signature="CApkExtraction(java.lang.String)[pri:0, instance:Final.ApkExtract@6c49835d]" name="CApkExtraction" duration-ms="6611" started-at="2019-11-28T11:46:46 IST" data-provider="SearchProvider" finished-at="2019-11-28T11:46:53 IST">
          <params>
            <param index="0">
              <value>
                <![CDATA[com.libiitech.libiihome]]>
              </value>
            </param>
          </params>
          <reporter-output>
          </reporter-output>
        </test-method> <!-- CApkExtraction -->
        <test-method status="PASS" signature="CApkExtraction(java.lang.String)[pri:0, instance:Final.ApkExtract@6c49835d]" name="CApkExtraction" duration-ms="6852" started-at="2019-11-28T11:46:53 IST" data-provider="SearchProvider" finished-at="2019-11-28T11:47:00 IST">
          <params>
            <param index="0">
              <value>
                <![CDATA[com.odvgroup.handspinnercamerathreed]]>
              </value>
            </param>
          </params>
          <reporter-output>
          </reporter-output>
        </test-method> <!-- CApkExtraction -->
        <test-method status="PASS" signature="CApkExtraction(java.lang.String)[pri:0, instance:Final.ApkExtract@6c49835d]" name="CApkExtraction" duration-ms="3880" started-at="2019-11-28T11:47:00 IST" data-provider="SearchProvider" finished-at="2019-11-28T11:47:04 IST">
          <params>
            <param index="0">
              <value>
                <![CDATA[pl.duch.nightvision]]>
              </value>
            </param>
          </params>
          <reporter-output>
          </reporter-output>
        </test-method> <!-- CApkExtraction -->
        <test-method status="PASS" signature="CApkExtraction(java.lang.String)[pri:0, instance:Final.ApkExtract@6c49835d]" name="CApkExtraction" duration-ms="3495" started-at="2019-11-28T11:47:04 IST" data-provider="SearchProvider" finished-at="2019-11-28T11:47:07 IST">
          <params>
            <param index="0">
              <value>
                <![CDATA[ppp.star.box.puzzle.game]]>
              </value>
            </param>
          </params>
          <reporter-output>
          </reporter-output>
        </test-method> <!-- CApkExtraction -->
        <test-method status="PASS" signature="CApkExtraction(java.lang.String)[pri:0, instance:Final.ApkExtract@6c49835d]" name="CApkExtraction" duration-ms="6916" started-at="2019-11-28T11:47:07 IST" data-provider="SearchProvider" finished-at="2019-11-28T11:47:14 IST">
          <params>
            <param index="0">
              <value>
                <![CDATA[com.mattel.thomasbigadventure]]>
              </value>
            </param>
          </params>
          <reporter-output>
          </reporter-output>
        </test-method> <!-- CApkExtraction -->
        <test-method status="PASS" signature="CApkExtraction(java.lang.String)[pri:0, instance:Final.ApkExtract@6c49835d]" name="CApkExtraction" duration-ms="6656" started-at="2019-11-28T11:47:14 IST" data-provider="SearchProvider" finished-at="2019-11-28T11:47:21 IST">
          <params>
            <param index="0">
              <value>
                <![CDATA[com.frenzygames.fgs.offroad.wild.animal.transport.truck.driver]]>
              </value>
            </param>
          </params>
          <reporter-output>
          </reporter-output>
        </test-method> <!-- CApkExtraction -->
        <test-method status="PASS" signature="CApkExtraction(java.lang.String)[pri:0, instance:Final.ApkExtract@6c49835d]" name="CApkExtraction" duration-ms="6879" started-at="2019-11-28T11:47:21 IST" data-provider="SearchProvider" finished-at="2019-11-28T11:47:28 IST">
          <params>
            <param index="0">
              <value>
                <![CDATA[com.freeminigames.socceronline]]>
              </value>
            </param>
          </params>
          <reporter-output>
          </reporter-output>
        </test-method> <!-- CApkExtraction -->
        <test-method status="PASS" signature="CApkExtraction(java.lang.String)[pri:0, instance:Final.ApkExtract@6c49835d]" name="CApkExtraction" duration-ms="6795" started-at="2019-11-28T11:47:28 IST" data-provider="SearchProvider" finished-at="2019-11-28T11:47:35 IST">
          <params>
            <param index="0">
              <value>
                <![CDATA[com.gps.navigator.router]]>
              </value>
            </param>
          </params>
          <reporter-output>
          </reporter-output>
        </test-method> <!-- CApkExtraction -->
        <test-method status="PASS" signature="CApkExtraction(java.lang.String)[pri:0, instance:Final.ApkExtract@6c49835d]" name="CApkExtraction" duration-ms="6699" started-at="2019-11-28T11:47:35 IST" data-provider="SearchProvider" finished-at="2019-11-28T11:47:41 IST">
          <params>
            <param index="0">
              <value>
                <![CDATA[fr.educaapps.musicbellydance1]]>
              </value>
            </param>
          </params>
          <reporter-output>
          </reporter-output>
        </test-method> <!-- CApkExtraction -->
        <test-method status="PASS" signature="CApkExtraction(java.lang.String)[pri:0, instance:Final.ApkExtract@6c49835d]" name="CApkExtraction" duration-ms="3676" started-at="2019-11-28T11:47:41 IST" data-provider="SearchProvider" finished-at="2019-11-28T11:47:45 IST">
          <params>
            <param index="0">
              <value>
                <![CDATA[com.urvatool.bengalicompass]]>
              </value>
            </param>
          </params>
          <reporter-output>
          </reporter-output>
        </test-method> <!-- CApkExtraction -->
        <test-method status="PASS" signature="CApkExtraction(java.lang.String)[pri:0, instance:Final.ApkExtract@6c49835d]" name="CApkExtraction" duration-ms="6753" started-at="2019-11-28T11:47:45 IST" data-provider="SearchProvider" finished-at="2019-11-28T11:47:52 IST">
          <params>
            <param index="0">
              <value>
                <![CDATA[com.greetingfx.android]]>
              </value>
            </param>
          </params>
          <reporter-output>
          </reporter-output>
        </test-method> <!-- CApkExtraction -->
        <test-method status="PASS" signature="CApkExtraction(java.lang.String)[pri:0, instance:Final.ApkExtract@6c49835d]" name="CApkExtraction" duration-ms="6909" started-at="2019-11-28T11:47:52 IST" data-provider="SearchProvider" finished-at="2019-11-28T11:47:59 IST">
          <params>
            <param index="0">
              <value>
                <![CDATA[com.mobigrow.canyouescapeisland]]>
              </value>
            </param>
          </params>
          <reporter-output>
          </reporter-output>
        </test-method> <!-- CApkExtraction -->
        <test-method status="PASS" signature="CApkExtraction(java.lang.String)[pri:0, instance:Final.ApkExtract@6c49835d]" name="CApkExtraction" duration-ms="6900" started-at="2019-11-28T11:47:59 IST" data-provider="SearchProvider" finished-at="2019-11-28T11:48:06 IST">
          <params>
            <param index="0">
              <value>
                <![CDATA[com.infokombinat.howtotie]]>
              </value>
            </param>
          </params>
          <reporter-output>
          </reporter-output>
        </test-method> <!-- CApkExtraction -->
        <test-method status="PASS" signature="CApkExtraction(java.lang.String)[pri:0, instance:Final.ApkExtract@6c49835d]" name="CApkExtraction" duration-ms="6814" started-at="2019-11-28T11:48:06 IST" data-provider="SearchProvider" finished-at="2019-11-28T11:48:12 IST">
          <params>
            <param index="0">
              <value>
                <![CDATA[com.andromo.dev516135.app508993]]>
              </value>
            </param>
          </params>
          <reporter-output>
          </reporter-output>
        </test-method> <!-- CApkExtraction -->
        <test-method status="PASS" signature="CApkExtraction(java.lang.String)[pri:0, instance:Final.ApkExtract@6c49835d]" name="CApkExtraction" duration-ms="3719" started-at="2019-11-28T11:48:12 IST" data-provider="SearchProvider" finished-at="2019-11-28T11:48:16 IST">
          <params>
            <param index="0">
              <value>
                <![CDATA[com.urvatool.englishtohinditranslator]]>
              </value>
            </param>
          </params>
          <reporter-output>
          </reporter-output>
        </test-method> <!-- CApkExtraction -->
        <test-method status="PASS" signature="CApkExtraction(java.lang.String)[pri:0, instance:Final.ApkExtract@6c49835d]" name="CApkExtraction" duration-ms="3817" started-at="2019-11-28T11:48:16 IST" data-provider="SearchProvider" finished-at="2019-11-28T11:48:20 IST">
          <params>
            <param index="0">
              <value>
                <![CDATA[margaloo.takecare]]>
              </value>
            </param>
          </params>
          <reporter-output>
          </reporter-output>
        </test-method> <!-- CApkExtraction -->
        <test-method status="PASS" signature="CApkExtraction(java.lang.String)[pri:0, instance:Final.ApkExtract@6c49835d]" name="CApkExtraction" duration-ms="3757" started-at="2019-11-28T11:48:20 IST" data-provider="SearchProvider" finished-at="2019-11-28T11:48:24 IST">
          <params>
            <param index="0">
              <value>
                <![CDATA[com.enigmagames.whizracer]]>
              </value>
            </param>
          </params>
          <reporter-output>
          </reporter-output>
        </test-method> <!-- CApkExtraction -->
        <test-method status="PASS" signature="CApkExtraction(java.lang.String)[pri:0, instance:Final.ApkExtract@6c49835d]" name="CApkExtraction" duration-ms="7051" started-at="2019-11-28T11:48:24 IST" data-provider="SearchProvider" finished-at="2019-11-28T11:48:31 IST">
          <params>
            <param index="0">
              <value>
                <![CDATA[com.ultimatedesigns.tsf.themes.glass]]>
              </value>
            </param>
          </params>
          <reporter-output>
          </reporter-output>
        </test-method> <!-- CApkExtraction -->
        <test-method status="PASS" signature="CApkExtraction(java.lang.String)[pri:0, instance:Final.ApkExtract@6c49835d]" name="CApkExtraction" duration-ms="7035" started-at="2019-11-28T11:48:31 IST" data-provider="SearchProvider" finished-at="2019-11-28T11:48:38 IST">
          <params>
            <param index="0">
              <value>
                <![CDATA[pl.netigen.new_alcohol_test]]>
              </value>
            </param>
          </params>
          <reporter-output>
          </reporter-output>
        </test-method> <!-- CApkExtraction -->
        <test-method status="PASS" signature="CApkExtraction(java.lang.String)[pri:0, instance:Final.ApkExtract@6c49835d]" name="CApkExtraction" duration-ms="6844" started-at="2019-11-28T11:48:38 IST" data-provider="SearchProvider" finished-at="2019-11-28T11:48:45 IST">
          <params>
            <param index="0">
              <value>
                <![CDATA[com.amusingapps.babycowsalon]]>
              </value>
            </param>
          </params>
          <reporter-output>
          </reporter-output>
        </test-method> <!-- CApkExtraction -->
        <test-method status="PASS" signature="CApkExtraction(java.lang.String)[pri:0, instance:Final.ApkExtract@6c49835d]" name="CApkExtraction" duration-ms="6801" started-at="2019-11-28T11:48:45 IST" data-provider="SearchProvider" finished-at="2019-11-28T11:48:51 IST">
          <params>
            <param index="0">
              <value>
                <![CDATA[mobiletoolsshop.tvremote.westinghouse]]>
              </value>
            </param>
          </params>
          <reporter-output>
          </reporter-output>
        </test-method> <!-- CApkExtraction -->
        <test-method status="PASS" signature="CApkExtraction(java.lang.String)[pri:0, instance:Final.ApkExtract@6c49835d]" name="CApkExtraction" duration-ms="3643" started-at="2019-11-28T11:48:51 IST" data-provider="SearchProvider" finished-at="2019-11-28T11:48:55 IST">
          <params>
            <param index="0">
              <value>
                <![CDATA[com.movga.medieval.gp]]>
              </value>
            </param>
          </params>
          <reporter-output>
          </reporter-output>
        </test-method> <!-- CApkExtraction -->
        <test-method status="PASS" signature="CApkExtraction(java.lang.String)[pri:0, instance:Final.ApkExtract@6c49835d]" name="CApkExtraction" duration-ms="6728" started-at="2019-11-28T11:48:55 IST" data-provider="SearchProvider" finished-at="2019-11-28T11:49:02 IST">
          <params>
            <param index="0">
              <value>
                <![CDATA[sunita.android.civil]]>
              </value>
            </param>
          </params>
          <reporter-output>
          </reporter-output>
        </test-method> <!-- CApkExtraction -->
        <test-method status="PASS" signature="CApkExtraction(java.lang.String)[pri:0, instance:Final.ApkExtract@6c49835d]" name="CApkExtraction" duration-ms="6558" started-at="2019-11-28T11:49:02 IST" data-provider="SearchProvider" finished-at="2019-11-28T11:49:08 IST">
          <params>
            <param index="0">
              <value>
                <![CDATA[com.sandatasystems.vocabularybooster]]>
              </value>
            </param>
          </params>
          <reporter-output>
          </reporter-output>
        </test-method> <!-- CApkExtraction -->
        <test-method status="PASS" signature="CApkExtraction(java.lang.String)[pri:0, instance:Final.ApkExtract@6c49835d]" name="CApkExtraction" duration-ms="6577" started-at="2019-11-28T11:49:08 IST" data-provider="SearchProvider" finished-at="2019-11-28T11:49:15 IST">
          <params>
            <param index="0">
              <value>
                <![CDATA[com.aceviral.biketrials]]>
              </value>
            </param>
          </params>
          <reporter-output>
          </reporter-output>
        </test-method> <!-- CApkExtraction -->
        <test-method status="PASS" signature="CApkExtraction(java.lang.String)[pri:0, instance:Final.ApkExtract@6c49835d]" name="CApkExtraction" duration-ms="3581" started-at="2019-11-28T11:49:15 IST" data-provider="SearchProvider" finished-at="2019-11-28T11:49:18 IST">
          <params>
            <param index="0">
              <value>
                <![CDATA[com.urvatool.hinditomarathitranslator]]>
              </value>
            </param>
          </params>
          <reporter-output>
          </reporter-output>
        </test-method> <!-- CApkExtraction -->
        <test-method status="PASS" signature="CApkExtraction(java.lang.String)[pri:0, instance:Final.ApkExtract@6c49835d]" name="CApkExtraction" duration-ms="6747" started-at="2019-11-28T11:49:18 IST" data-provider="SearchProvider" finished-at="2019-11-28T11:49:25 IST">
          <params>
            <param index="0">
              <value>
                <![CDATA[com.bestkidgames.fruitsvegetables]]>
              </value>
            </param>
          </params>
          <reporter-output>
          </reporter-output>
        </test-method> <!-- CApkExtraction -->
        <test-method status="PASS" signature="CApkExtraction(java.lang.String)[pri:0, instance:Final.ApkExtract@6c49835d]" name="CApkExtraction" duration-ms="3881" started-at="2019-11-28T11:49:25 IST" data-provider="SearchProvider" finished-at="2019-11-28T11:49:29 IST">
          <params>
            <param index="0">
              <value>
                <![CDATA[com.sundaygames.rhymes]]>
              </value>
            </param>
          </params>
          <reporter-output>
          </reporter-output>
        </test-method> <!-- CApkExtraction -->
        <test-method status="PASS" signature="CApkExtraction(java.lang.String)[pri:0, instance:Final.ApkExtract@6c49835d]" name="CApkExtraction" duration-ms="6776" started-at="2019-11-28T11:49:29 IST" data-provider="SearchProvider" finished-at="2019-11-28T11:49:36 IST">
          <params>
            <param index="0">
              <value>
                <![CDATA[donnaipe.europoly]]>
              </value>
            </param>
          </params>
          <reporter-output>
          </reporter-output>
        </test-method> <!-- CApkExtraction -->
        <test-method status="PASS" signature="CApkExtraction(java.lang.String)[pri:0, instance:Final.ApkExtract@6c49835d]" name="CApkExtraction" duration-ms="6662" started-at="2019-11-28T11:49:36 IST" data-provider="SearchProvider" finished-at="2019-11-28T11:49:43 IST">
          <params>
            <param index="0">
              <value>
                <![CDATA[com.andromo.dev24266.app264194]]>
              </value>
            </param>
          </params>
          <reporter-output>
          </reporter-output>
        </test-method> <!-- CApkExtraction -->
        <test-method status="PASS" signature="CApkExtraction(java.lang.String)[pri:0, instance:Final.ApkExtract@6c49835d]" name="CApkExtraction" duration-ms="3607" started-at="2019-11-28T11:49:43 IST" data-provider="SearchProvider" finished-at="2019-11-28T11:49:46 IST">
          <params>
            <param index="0">
              <value>
                <![CDATA[com.wow.realmadridselfie]]>
              </value>
            </param>
          </params>
          <reporter-output>
          </reporter-output>
        </test-method> <!-- CApkExtraction -->
        <test-method status="PASS" signature="CApkExtraction(java.lang.String)[pri:0, instance:Final.ApkExtract@6c49835d]" name="CApkExtraction" duration-ms="3582" started-at="2019-11-28T11:49:46 IST" data-provider="SearchProvider" finished-at="2019-11-28T11:49:50 IST">
          <params>
            <param index="0">
              <value is-null="true"/>
            </param>
          </params>
          <reporter-output>
          </reporter-output>
        </test-method> <!-- CApkExtraction -->
      </class> <!-- Final.ApkExtract -->
    </test> <!-- Default test -->
  </suite> <!-- Default suite -->
</testng-results>
