<?xml version="1.0" encoding="UTF-8"?>
<!-- Generated by org.testng.reporters.JUnitXMLReporter -->
<testsuite hostname="M5-D-J0RYXC2" ignored="0" name="NegativeLogInTest-Chrome" tests="2" failures="0" timestamp="17 Apr 2019 07:52:35 GMT" time="47.783" errors="0">
  <testcase name="negativeLoginTestInvalidUsrName" time="14.18" classname="com.herokuapp.theinternet.login.tests.NegativeLoginTests"/>
  <testcase name="negativeLoginTestInvalidPwd" time="14.469" classname="com.herokuapp.theinternet.login.tests.NegativeLoginTests"/>
</testsuite> <!-- NegativeLogInTest-Chrome -->
