<?xml version="1.0" encoding="UTF-8"?>
<!-- Generated by org.testng.reporters.JUnitXMLReporter -->
<testsuite hostname="M5-D-J0RYXC2" ignored="0" name="NegativeLogInTest-IE" tests="2" failures="0" timestamp="17 Apr 2019 07:53:48 GMT" time="72.39" errors="0">
  <testcase name="negativeLoginTestInvalidUsrName" time="19.6" classname="com.herokuapp.theinternet.login.tests.NegativeLoginTests"/>
  <testcase name="negativeLoginTestInvalidPwd" time="18.231" classname="com.herokuapp.theinternet.login.tests.NegativeLoginTests"/>
</testsuite> <!-- NegativeLogInTest-IE -->
