<?xml version="1.0" encoding="UTF-8"?>
<!-- Generated by org.testng.reporters.JUnitXMLReporter -->
<testsuite hostname="M5-D-J0RYXC2" ignored="0" name="NegativeLogInTest-Firefox" tests="2" failures="0" timestamp="17 Apr 2019 07:53:25 GMT" time="62.787" errors="0">
  <testcase name="negativeLoginTestInvalidUsrName" time="14.272" classname="com.herokuapp.theinternet.login.tests.NegativeLoginTests"/>
  <testcase name="negativeLoginTestInvalidPwd" time="11.889" classname="com.herokuapp.theinternet.login.tests.NegativeLoginTests"/>
</testsuite> <!-- NegativeLogInTest-Firefox -->
