<?xml version="1.0" encoding="UTF-8"?>
<testng-results skipped="0" failed="0" ignored="0" total="1" passed="1">
  <reporter-output>
  </reporter-output>
  <suite name="Default suite" duration-ms="32" started-at="2019-05-26T15:39:59Z" finished-at="2019-05-26T15:39:59Z">
    <groups>
    </groups>
    <test name="Default test" duration-ms="32" started-at="2019-05-26T15:39:59Z" finished-at="2019-05-26T15:39:59Z">
      <class name="com.test.selenium.Abc">
        <test-method status="PASS" signature="abc()[pri:0, instance:com.test.selenium.Abc@47c62251]" name="abc" duration-ms="10" started-at="2019-05-26T15:39:59Z" finished-at="2019-05-26T15:39:59Z">
          <reporter-output>
          </reporter-output>
        </test-method> <!-- abc -->
      </class> <!-- com.test.selenium.Abc -->
    </test> <!-- Default test -->
  </suite> <!-- Default suite -->
</testng-results>
