<?xml version="1.0" encoding="UTF-8"?>
<!-- Generated by org.testng.reporters.JUnitXMLReporter -->
<testsuite hostname="Santosh-IN16" ignored="0" name="Default test" tests="300" failures="0" timestamp="2019-11-28T11:49:50 IST" time="1754.613" errors="0">
  <testcase name="CApkExtraction" time="4.076" classname="Final.ApkExtract"/>
  <testcase name="CApkExtraction" time="3.885" classname="Final.ApkExtract"/>
  <testcase name="CApkExtraction" time="3.791" classname="Final.ApkExtract"/>
  <testcase name="CApkExtraction" time="6.998" classname="Final.ApkExtract"/>
  <testcase name="CApkExtraction" time="6.777" classname="Final.ApkExtract"/>
  <testcase name="CApkExtraction" time="6.965" classname="Final.ApkExtract"/>
  <testcase name="CApkExtraction" time="6.636" classname="Final.ApkExtract"/>
  <testcase name="CApkExtraction" time="6.822" classname="Final.ApkExtract"/>
  <testcase name="CApkExtraction" time="6.708" classname="Final.ApkExtract"/>
  <testcase name="CApkExtraction" time="3.6" classname="Final.ApkExtract"/>
  <testcase name="CApkExtraction" time="6.649" classname="Final.ApkExtract"/>
  <testcase name="CApkExtraction" time="6.664" classname="Final.ApkExtract"/>
  <testcase name="CApkExtraction" time="6.69" classname="Final.ApkExtract"/>
  <testcase name="CApkExtraction" time="6.67" classname="Final.ApkExtract"/>
  <testcase name="CApkExtraction" time="6.873" classname="Final.ApkExtract"/>
  <testcase name="CApkExtraction" time="6.733" classname="Final.ApkExtract"/>
  <testcase name="CApkExtraction" time="6.658" classname="Final.ApkExtract"/>
  <testcase name="CApkExtraction" time="3.555" classname="Final.ApkExtract"/>
  <testcase name="CApkExtraction" time="3.533" classname="Final.ApkExtract"/>
  <testcase name="CApkExtraction" time="6.702" classname="Final.ApkExtract"/>
  <testcase name="CApkExtraction" time="6.605" classname="Final.ApkExtract"/>
  <testcase name="CApkExtraction" time="3.679" classname="Final.ApkExtract"/>
  <testcase name="CApkExtraction" time="3.847" classname="Final.ApkExtract"/>
  <testcase name="CApkExtraction" time="3.816" classname="Final.ApkExtract"/>
  <testcase name="CApkExtraction" time="3.753" classname="Final.ApkExtract"/>
  <testcase name="CApkExtraction" time="3.745" classname="Final.ApkExtract"/>
  <testcase name="CApkExtraction" time="3.83" classname="Final.ApkExtract"/>
  <testcase name="CApkExtraction" time="4.047" classname="Final.ApkExtract"/>
  <testcase name="CApkExtraction" time="6.879" classname="Final.ApkExtract"/>
  <testcase name="CApkExtraction" time="4.19" classname="Final.ApkExtract"/>
  <testcase name="CApkExtraction" time="7.52" classname="Final.ApkExtract"/>
  <testcase name="CApkExtraction" time="4.248" classname="Final.ApkExtract"/>
  <testcase name="CApkExtraction" time="7.073" classname="Final.ApkExtract"/>
  <testcase name="CApkExtraction" time="6.895" classname="Final.ApkExtract"/>
  <testcase name="CApkExtraction" time="6.96" classname="Final.ApkExtract"/>
  <testcase name="CApkExtraction" time="6.878" classname="Final.ApkExtract"/>
  <testcase name="CApkExtraction" time="6.736" classname="Final.ApkExtract"/>
  <testcase name="CApkExtraction" time="6.727" classname="Final.ApkExtract"/>
  <testcase name="CApkExtraction" time="6.616" classname="Final.ApkExtract"/>
  <testcase name="CApkExtraction" time="3.585" classname="Final.ApkExtract"/>
  <testcase name="CApkExtraction" time="6.771" classname="Final.ApkExtract"/>
  <testcase name="CApkExtraction" time="7.079" classname="Final.ApkExtract"/>
  <testcase name="CApkExtraction" time="6.718" classname="Final.ApkExtract"/>
  <testcase name="CApkExtraction" time="6.704" classname="Final.ApkExtract"/>
  <testcase name="CApkExtraction" time="6.637" classname="Final.ApkExtract"/>
  <testcase name="CApkExtraction" time="6.621" classname="Final.ApkExtract"/>
  <testcase name="CApkExtraction" time="3.58" classname="Final.ApkExtract"/>
  <testcase name="CApkExtraction" time="6.808" classname="Final.ApkExtract"/>
  <testcase name="CApkExtraction" time="6.714" classname="Final.ApkExtract"/>
  <testcase name="CApkExtraction" time="6.562" classname="Final.ApkExtract"/>
  <testcase name="CApkExtraction" time="6.576" classname="Final.ApkExtract"/>
  <testcase name="CApkExtraction" time="6.647" classname="Final.ApkExtract"/>
  <testcase name="CApkExtraction" time="6.563" classname="Final.ApkExtract"/>
  <testcase name="CApkExtraction" time="6.545" classname="Final.ApkExtract"/>
  <testcase name="CApkExtraction" time="6.618" classname="Final.ApkExtract"/>
  <testcase name="CApkExtraction" time="6.813" classname="Final.ApkExtract"/>
  <testcase name="CApkExtraction" time="6.578" classname="Final.ApkExtract"/>
  <testcase name="CApkExtraction" time="6.664" classname="Final.ApkExtract"/>
  <testcase name="CApkExtraction" time="6.535" classname="Final.ApkExtract"/>
  <testcase name="CApkExtraction" time="6.638" classname="Final.ApkExtract"/>
  <testcase name="CApkExtraction" time="6.769" classname="Final.ApkExtract"/>
  <testcase name="CApkExtraction" time="6.645" classname="Final.ApkExtract"/>
  <testcase name="CApkExtraction" time="3.592" classname="Final.ApkExtract"/>
  <testcase name="CApkExtraction" time="3.518" classname="Final.ApkExtract"/>
  <testcase name="CApkExtraction" time="3.511" classname="Final.ApkExtract"/>
  <testcase name="CApkExtraction" time="6.633" classname="Final.ApkExtract"/>
  <testcase name="CApkExtraction" time="6.659" classname="Final.ApkExtract"/>
  <testcase name="CApkExtraction" time="6.644" classname="Final.ApkExtract"/>
  <testcase name="CApkExtraction" time="6.553" classname="Final.ApkExtract"/>
  <testcase name="CApkExtraction" time="6.576" classname="Final.ApkExtract"/>
  <testcase name="CApkExtraction" time="6.64" classname="Final.ApkExtract"/>
  <testcase name="CApkExtraction" time="6.67" classname="Final.ApkExtract"/>
  <testcase name="CApkExtraction" time="6.571" classname="Final.ApkExtract"/>
  <testcase name="CApkExtraction" time="6.687" classname="Final.ApkExtract"/>
  <testcase name="CApkExtraction" time="6.658" classname="Final.ApkExtract"/>
  <testcase name="CApkExtraction" time="6.981" classname="Final.ApkExtract"/>
  <testcase name="CApkExtraction" time="6.675" classname="Final.ApkExtract"/>
  <testcase name="CApkExtraction" time="3.562" classname="Final.ApkExtract"/>
  <testcase name="CApkExtraction" time="6.794" classname="Final.ApkExtract"/>
  <testcase name="CApkExtraction" time="3.521" classname="Final.ApkExtract"/>
  <testcase name="CApkExtraction" time="6.753" classname="Final.ApkExtract"/>
  <testcase name="CApkExtraction" time="6.659" classname="Final.ApkExtract"/>
  <testcase name="CApkExtraction" time="6.527" classname="Final.ApkExtract"/>
  <testcase name="CApkExtraction" time="3.568" classname="Final.ApkExtract"/>
  <testcase name="CApkExtraction" time="6.566" classname="Final.ApkExtract"/>
  <testcase name="CApkExtraction" time="3.597" classname="Final.ApkExtract"/>
  <testcase name="CApkExtraction" time="3.426" classname="Final.ApkExtract"/>
  <testcase name="CApkExtraction" time="6.686" classname="Final.ApkExtract"/>
  <testcase name="CApkExtraction" time="6.609" classname="Final.ApkExtract"/>
  <testcase name="CApkExtraction" time="3.651" classname="Final.ApkExtract"/>
  <testcase name="CApkExtraction" time="6.691" classname="Final.ApkExtract"/>
  <testcase name="CApkExtraction" time="4.061" classname="Final.ApkExtract"/>
  <testcase name="CApkExtraction" time="7.03" classname="Final.ApkExtract"/>
  <testcase name="CApkExtraction" time="2.747" classname="Final.ApkExtract"/>
  <testcase name="CApkExtraction" time="6.679" classname="Final.ApkExtract"/>
  <testcase name="CApkExtraction" time="6.614" classname="Final.ApkExtract"/>
  <testcase name="CApkExtraction" time="6.63" classname="Final.ApkExtract"/>
  <testcase name="CApkExtraction" time="6.667" classname="Final.ApkExtract"/>
  <testcase name="CApkExtraction" time="3.579" classname="Final.ApkExtract"/>
  <testcase name="CApkExtraction" time="6.653" classname="Final.ApkExtract"/>
  <testcase name="CApkExtraction" time="3.538" classname="Final.ApkExtract"/>
  <testcase name="CApkExtraction" time="3.544" classname="Final.ApkExtract"/>
  <testcase name="CApkExtraction" time="3.551" classname="Final.ApkExtract"/>
  <testcase name="CApkExtraction" time="6.669" classname="Final.ApkExtract"/>
  <testcase name="CApkExtraction" time="6.588" classname="Final.ApkExtract"/>
  <testcase name="CApkExtraction" time="3.535" classname="Final.ApkExtract"/>
  <testcase name="CApkExtraction" time="3.565" classname="Final.ApkExtract"/>
  <testcase name="CApkExtraction" time="6.6" classname="Final.ApkExtract"/>
  <testcase name="CApkExtraction" time="6.657" classname="Final.ApkExtract"/>
  <testcase name="CApkExtraction" time="7.116" classname="Final.ApkExtract"/>
  <testcase name="CApkExtraction" time="6.584" classname="Final.ApkExtract"/>
  <testcase name="CApkExtraction" time="6.709" classname="Final.ApkExtract"/>
  <testcase name="CApkExtraction" time="3.57" classname="Final.ApkExtract"/>
  <testcase name="CApkExtraction" time="6.519" classname="Final.ApkExtract"/>
  <testcase name="CApkExtraction" time="6.802" classname="Final.ApkExtract"/>
  <testcase name="CApkExtraction" time="6.689" classname="Final.ApkExtract"/>
  <testcase name="CApkExtraction" time="6.611" classname="Final.ApkExtract"/>
  <testcase name="CApkExtraction" time="6.575" classname="Final.ApkExtract"/>
  <testcase name="CApkExtraction" time="3.618" classname="Final.ApkExtract"/>
  <testcase name="CApkExtraction" time="6.702" classname="Final.ApkExtract"/>
  <testcase name="CApkExtraction" time="3.836" classname="Final.ApkExtract"/>
  <testcase name="CApkExtraction" time="3.867" classname="Final.ApkExtract"/>
  <testcase name="CApkExtraction" time="6.844" classname="Final.ApkExtract"/>
  <testcase name="CApkExtraction" time="3.842" classname="Final.ApkExtract"/>
  <testcase name="CApkExtraction" time="3.874" classname="Final.ApkExtract"/>
  <testcase name="CApkExtraction" time="6.769" classname="Final.ApkExtract"/>
  <testcase name="CApkExtraction" time="6.851" classname="Final.ApkExtract"/>
  <testcase name="CApkExtraction" time="6.939" classname="Final.ApkExtract"/>
  <testcase name="CApkExtraction" time="6.594" classname="Final.ApkExtract"/>
  <testcase name="CApkExtraction" time="6.693" classname="Final.ApkExtract"/>
  <testcase name="CApkExtraction" time="6.562" classname="Final.ApkExtract"/>
  <testcase name="CApkExtraction" time="3.62" classname="Final.ApkExtract"/>
  <testcase name="CApkExtraction" time="6.829" classname="Final.ApkExtract"/>
  <testcase name="CApkExtraction" time="6.816" classname="Final.ApkExtract"/>
  <testcase name="CApkExtraction" time="6.739" classname="Final.ApkExtract"/>
  <testcase name="CApkExtraction" time="3.607" classname="Final.ApkExtract"/>
  <testcase name="CApkExtraction" time="6.765" classname="Final.ApkExtract"/>
  <testcase name="CApkExtraction" time="6.818" classname="Final.ApkExtract"/>
  <testcase name="CApkExtraction" time="6.82" classname="Final.ApkExtract"/>
  <testcase name="CApkExtraction" time="6.674" classname="Final.ApkExtract"/>
  <testcase name="CApkExtraction" time="6.618" classname="Final.ApkExtract"/>
  <testcase name="CApkExtraction" time="3.52" classname="Final.ApkExtract"/>
  <testcase name="CApkExtraction" time="3.523" classname="Final.ApkExtract"/>
  <testcase name="CApkExtraction" time="3.52" classname="Final.ApkExtract"/>
  <testcase name="CApkExtraction" time="3.604" classname="Final.ApkExtract"/>
  <testcase name="CApkExtraction" time="6.675" classname="Final.ApkExtract"/>
  <testcase name="CApkExtraction" time="3.838" classname="Final.ApkExtract"/>
  <testcase name="CApkExtraction" time="6.803" classname="Final.ApkExtract"/>
  <testcase name="CApkExtraction" time="6.627" classname="Final.ApkExtract"/>
  <testcase name="CApkExtraction" time="6.617" classname="Final.ApkExtract"/>
  <testcase name="CApkExtraction" time="6.561" classname="Final.ApkExtract"/>
  <testcase name="CApkExtraction" time="6.588" classname="Final.ApkExtract"/>
  <testcase name="CApkExtraction" time="6.539" classname="Final.ApkExtract"/>
  <testcase name="CApkExtraction" time="6.572" classname="Final.ApkExtract"/>
  <testcase name="CApkExtraction" time="6.618" classname="Final.ApkExtract"/>
  <testcase name="CApkExtraction" time="6.611" classname="Final.ApkExtract"/>
  <testcase name="CApkExtraction" time="3.6" classname="Final.ApkExtract"/>
  <testcase name="CApkExtraction" time="3.844" classname="Final.ApkExtract"/>
  <testcase name="CApkExtraction" time="4.049" classname="Final.ApkExtract"/>
  <testcase name="CApkExtraction" time="6.947" classname="Final.ApkExtract"/>
  <testcase name="CApkExtraction" time="6.812" classname="Final.ApkExtract"/>
  <testcase name="CApkExtraction" time="6.902" classname="Final.ApkExtract"/>
  <testcase name="CApkExtraction" time="6.824" classname="Final.ApkExtract"/>
  <testcase name="CApkExtraction" time="6.638" classname="Final.ApkExtract"/>
  <testcase name="CApkExtraction" time="3.618" classname="Final.ApkExtract"/>
  <testcase name="CApkExtraction" time="6.769" classname="Final.ApkExtract"/>
  <testcase name="CApkExtraction" time="3.807" classname="Final.ApkExtract"/>
  <testcase name="CApkExtraction" time="7.02" classname="Final.ApkExtract"/>
  <testcase name="CApkExtraction" time="6.834" classname="Final.ApkExtract"/>
  <testcase name="CApkExtraction" time="6.814" classname="Final.ApkExtract"/>
  <testcase name="CApkExtraction" time="3.657" classname="Final.ApkExtract"/>
  <testcase name="CApkExtraction" time="6.69" classname="Final.ApkExtract"/>
  <testcase name="CApkExtraction" time="6.893" classname="Final.ApkExtract"/>
  <testcase name="CApkExtraction" time="6.699" classname="Final.ApkExtract"/>
  <testcase name="CApkExtraction" time="3.709" classname="Final.ApkExtract"/>
  <testcase name="CApkExtraction" time="6.961" classname="Final.ApkExtract"/>
  <testcase name="CApkExtraction" time="4.356" classname="Final.ApkExtract"/>
  <testcase name="CApkExtraction" time="6.858" classname="Final.ApkExtract"/>
  <testcase name="CApkExtraction" time="6.635" classname="Final.ApkExtract"/>
  <testcase name="CApkExtraction" time="6.73" classname="Final.ApkExtract"/>
  <testcase name="CApkExtraction" time="6.853" classname="Final.ApkExtract"/>
  <testcase name="CApkExtraction" time="3.56" classname="Final.ApkExtract"/>
  <testcase name="CApkExtraction" time="3.766" classname="Final.ApkExtract"/>
  <testcase name="CApkExtraction" time="3.656" classname="Final.ApkExtract"/>
  <testcase name="CApkExtraction" time="6.797" classname="Final.ApkExtract"/>
  <testcase name="CApkExtraction" time="6.894" classname="Final.ApkExtract"/>
  <testcase name="CApkExtraction" time="3.644" classname="Final.ApkExtract"/>
  <testcase name="CApkExtraction" time="6.737" classname="Final.ApkExtract"/>
  <testcase name="CApkExtraction" time="6.603" classname="Final.ApkExtract"/>
  <testcase name="CApkExtraction" time="6.615" classname="Final.ApkExtract"/>
  <testcase name="CApkExtraction" time="6.659" classname="Final.ApkExtract"/>
  <testcase name="CApkExtraction" time="6.82" classname="Final.ApkExtract"/>
  <testcase name="CApkExtraction" time="6.764" classname="Final.ApkExtract"/>
  <testcase name="CApkExtraction" time="3.47" classname="Final.ApkExtract"/>
  <testcase name="CApkExtraction" time="4.051" classname="Final.ApkExtract"/>
  <testcase name="CApkExtraction" time="6.68" classname="Final.ApkExtract"/>
  <testcase name="CApkExtraction" time="6.549" classname="Final.ApkExtract"/>
  <testcase name="CApkExtraction" time="3.526" classname="Final.ApkExtract"/>
  <testcase name="CApkExtraction" time="6.806" classname="Final.ApkExtract"/>
  <testcase name="CApkExtraction" time="3.601" classname="Final.ApkExtract"/>
  <testcase name="CApkExtraction" time="6.55" classname="Final.ApkExtract"/>
  <testcase name="CApkExtraction" time="6.568" classname="Final.ApkExtract"/>
  <testcase name="CApkExtraction" time="6.75" classname="Final.ApkExtract"/>
  <testcase name="CApkExtraction" time="6.658" classname="Final.ApkExtract"/>
  <testcase name="CApkExtraction" time="6.666" classname="Final.ApkExtract"/>
  <testcase name="CApkExtraction" time="6.561" classname="Final.ApkExtract"/>
  <testcase name="CApkExtraction" time="6.547" classname="Final.ApkExtract"/>
  <testcase name="CApkExtraction" time="6.692" classname="Final.ApkExtract"/>
  <testcase name="CApkExtraction" time="6.605" classname="Final.ApkExtract"/>
  <testcase name="CApkExtraction" time="6.59" classname="Final.ApkExtract"/>
  <testcase name="CApkExtraction" time="3.632" classname="Final.ApkExtract"/>
  <testcase name="CApkExtraction" time="3.758" classname="Final.ApkExtract"/>
  <testcase name="CApkExtraction" time="3.712" classname="Final.ApkExtract"/>
  <testcase name="CApkExtraction" time="3.891" classname="Final.ApkExtract"/>
  <testcase name="CApkExtraction" time="6.757" classname="Final.ApkExtract"/>
  <testcase name="CApkExtraction" time="3.891" classname="Final.ApkExtract"/>
  <testcase name="CApkExtraction" time="6.917" classname="Final.ApkExtract"/>
  <testcase name="CApkExtraction" time="6.835" classname="Final.ApkExtract"/>
  <testcase name="CApkExtraction" time="6.868" classname="Final.ApkExtract"/>
  <testcase name="CApkExtraction" time="3.866" classname="Final.ApkExtract"/>
  <testcase name="CApkExtraction" time="3.76" classname="Final.ApkExtract"/>
  <testcase name="CApkExtraction" time="6.831" classname="Final.ApkExtract"/>
  <testcase name="CApkExtraction" time="3.996" classname="Final.ApkExtract"/>
  <testcase name="CApkExtraction" time="3.789" classname="Final.ApkExtract"/>
  <testcase name="CApkExtraction" time="6.818" classname="Final.ApkExtract"/>
  <testcase name="CApkExtraction" time="6.895" classname="Final.ApkExtract"/>
  <testcase name="CApkExtraction" time="6.853" classname="Final.ApkExtract"/>
  <testcase name="CApkExtraction" time="6.732" classname="Final.ApkExtract"/>
  <testcase name="CApkExtraction" time="6.701" classname="Final.ApkExtract"/>
  <testcase name="CApkExtraction" time="3.623" classname="Final.ApkExtract"/>
  <testcase name="CApkExtraction" time="6.823" classname="Final.ApkExtract"/>
  <testcase name="CApkExtraction" time="6.891" classname="Final.ApkExtract"/>
  <testcase name="CApkExtraction" time="6.666" classname="Final.ApkExtract"/>
  <testcase name="CApkExtraction" time="6.556" classname="Final.ApkExtract"/>
  <testcase name="CApkExtraction" time="6.814" classname="Final.ApkExtract"/>
  <testcase name="CApkExtraction" time="6.627" classname="Final.ApkExtract"/>
  <testcase name="CApkExtraction" time="6.778" classname="Final.ApkExtract"/>
  <testcase name="CApkExtraction" time="3.566" classname="Final.ApkExtract"/>
  <testcase name="CApkExtraction" time="6.675" classname="Final.ApkExtract"/>
  <testcase name="CApkExtraction" time="6.735" classname="Final.ApkExtract"/>
  <testcase name="CApkExtraction" time="6.706" classname="Final.ApkExtract"/>
  <testcase name="CApkExtraction" time="6.593" classname="Final.ApkExtract"/>
  <testcase name="CApkExtraction" time="6.61" classname="Final.ApkExtract"/>
  <testcase name="CApkExtraction" time="6.597" classname="Final.ApkExtract"/>
  <testcase name="CApkExtraction" time="6.537" classname="Final.ApkExtract"/>
  <testcase name="CApkExtraction" time="6.619" classname="Final.ApkExtract"/>
  <testcase name="CApkExtraction" time="6.631" classname="Final.ApkExtract"/>
  <testcase name="CApkExtraction" time="3.625" classname="Final.ApkExtract"/>
  <testcase name="CApkExtraction" time="6.822" classname="Final.ApkExtract"/>
  <testcase name="CApkExtraction" time="6.878" classname="Final.ApkExtract"/>
  <testcase name="CApkExtraction" time="6.637" classname="Final.ApkExtract"/>
  <testcase name="CApkExtraction" time="6.779" classname="Final.ApkExtract"/>
  <testcase name="CApkExtraction" time="6.656" classname="Final.ApkExtract"/>
  <testcase name="CApkExtraction" time="6.556" classname="Final.ApkExtract"/>
  <testcase name="CApkExtraction" time="6.574" classname="Final.ApkExtract"/>
  <testcase name="CApkExtraction" time="6.601" classname="Final.ApkExtract"/>
  <testcase name="CApkExtraction" time="6.925" classname="Final.ApkExtract"/>
  <testcase name="CApkExtraction" time="6.649" classname="Final.ApkExtract"/>
  <testcase name="CApkExtraction" time="6.729" classname="Final.ApkExtract"/>
  <testcase name="CApkExtraction" time="6.668" classname="Final.ApkExtract"/>
  <testcase name="CApkExtraction" time="6.69" classname="Final.ApkExtract"/>
  <testcase name="CApkExtraction" time="6.769" classname="Final.ApkExtract"/>
  <testcase name="CApkExtraction" time="3.693" classname="Final.ApkExtract"/>
  <testcase name="CApkExtraction" time="6.701" classname="Final.ApkExtract"/>
  <testcase name="CApkExtraction" time="7.392" classname="Final.ApkExtract"/>
  <testcase name="CApkExtraction" time="6.654" classname="Final.ApkExtract"/>
  <testcase name="CApkExtraction" time="6.76" classname="Final.ApkExtract"/>
  <testcase name="CApkExtraction" time="3.576" classname="Final.ApkExtract"/>
  <testcase name="CApkExtraction" time="6.611" classname="Final.ApkExtract"/>
  <testcase name="CApkExtraction" time="6.852" classname="Final.ApkExtract"/>
  <testcase name="CApkExtraction" time="3.88" classname="Final.ApkExtract"/>
  <testcase name="CApkExtraction" time="3.495" classname="Final.ApkExtract"/>
  <testcase name="CApkExtraction" time="6.916" classname="Final.ApkExtract"/>
  <testcase name="CApkExtraction" time="6.656" classname="Final.ApkExtract"/>
  <testcase name="CApkExtraction" time="6.879" classname="Final.ApkExtract"/>
  <testcase name="CApkExtraction" time="6.795" classname="Final.ApkExtract"/>
  <testcase name="CApkExtraction" time="6.699" classname="Final.ApkExtract"/>
  <testcase name="CApkExtraction" time="3.676" classname="Final.ApkExtract"/>
  <testcase name="CApkExtraction" time="6.753" classname="Final.ApkExtract"/>
  <testcase name="CApkExtraction" time="6.909" classname="Final.ApkExtract"/>
  <testcase name="CApkExtraction" time="6.9" classname="Final.ApkExtract"/>
  <testcase name="CApkExtraction" time="6.814" classname="Final.ApkExtract"/>
  <testcase name="CApkExtraction" time="3.719" classname="Final.ApkExtract"/>
  <testcase name="CApkExtraction" time="3.817" classname="Final.ApkExtract"/>
  <testcase name="CApkExtraction" time="3.757" classname="Final.ApkExtract"/>
  <testcase name="CApkExtraction" time="7.051" classname="Final.ApkExtract"/>
  <testcase name="CApkExtraction" time="7.035" classname="Final.ApkExtract"/>
  <testcase name="CApkExtraction" time="6.844" classname="Final.ApkExtract"/>
  <testcase name="CApkExtraction" time="6.801" classname="Final.ApkExtract"/>
  <testcase name="CApkExtraction" time="3.643" classname="Final.ApkExtract"/>
  <testcase name="CApkExtraction" time="6.728" classname="Final.ApkExtract"/>
  <testcase name="CApkExtraction" time="6.558" classname="Final.ApkExtract"/>
  <testcase name="CApkExtraction" time="6.577" classname="Final.ApkExtract"/>
  <testcase name="CApkExtraction" time="3.581" classname="Final.ApkExtract"/>
  <testcase name="CApkExtraction" time="6.747" classname="Final.ApkExtract"/>
  <testcase name="CApkExtraction" time="3.881" classname="Final.ApkExtract"/>
  <testcase name="CApkExtraction" time="6.776" classname="Final.ApkExtract"/>
  <testcase name="CApkExtraction" time="6.662" classname="Final.ApkExtract"/>
  <testcase name="CApkExtraction" time="3.607" classname="Final.ApkExtract"/>
  <testcase name="CApkExtraction" time="3.582" classname="Final.ApkExtract"/>
</testsuite> <!-- Default test -->
