<?xml version="1.0" encoding="UTF-8"?>
<!-- Generated by org.testng.reporters.JUnitXMLReporter -->
<testsuite hostname="anita-IN80" ignored="0" name="Test" tests="4" failures="0" timestamp="27 Feb 2019 04:35:15 GMT" time="0.064" errors="0">
  <testcase name="demo" time="0.015" classname="test.day1"/>
  <testcase name="demo1" time="0.002" classname="test.day1"/>
  <testcase name="demo1" time="0.002" classname="test.day1"/>
  <testcase name="demo1" time="0.003" classname="test.day1"/>
</testsuite> <!-- Test -->
