<?xml version="1.0" encoding="UTF-8"?>
<!-- Generated by org.testng.reporters.JUnitXMLReporter -->
<testsuite hostname="M5-D-J0RYXC2" ignored="0" name="NegativeLogInTest-Firefox" tests="2" failures="0" timestamp="17 Apr 2019 11:14:38 GMT" time="59.459" errors="0">
  <testcase name="negativeLoginTestInvalidUsrName" time="12.716" classname="com.herokuapp.theinternet.login.tests.NegativeLoginTests"/>
  <testcase name="negativeLoginTestInvalidPwd" time="12.158" classname="com.herokuapp.theinternet.login.tests.NegativeLoginTests"/>
</testsuite> <!-- NegativeLogInTest-Firefox -->
