<?xml version="1.0" encoding="UTF-8"?>
<!-- Generated by org.testng.reporters.JUnitXMLReporter -->
<testsuite hostname="M5-D-J0RYXC2" ignored="0" name="NegativeLogInTest-IE" tests="2" failures="0" timestamp="17 Apr 2019 11:15:14 GMT" time="68.76" errors="0">
  <testcase name="negativeLoginTestInvalidUsrName" time="12.092" classname="com.herokuapp.theinternet.login.tests.NegativeLoginTests"/>
  <testcase name="negativeLoginTestInvalidPwd" time="16.379" classname="com.herokuapp.theinternet.login.tests.NegativeLoginTests"/>
</testsuite> <!-- NegativeLogInTest-IE -->
